0 info it worked if it ends with ok
1 verbose cli [ '/usr/local/bin/node',
1 verbose cli   '/usr/local/bin/npm',
1 verbose cli   'install',
1 verbose cli   '--save-dev',
1 verbose cli   'oracledb' ]
2 info using npm@2.15.5
3 info using node@v4.4.5
4 verbose install initial load of /Users/xyz/Documents/Oracle/package.json
5 verbose readDependencies loading dependencies from /Users/xyz/Documents/Oracle/package.json
6 silly cache add args [ 'oracledb', null ]
7 verbose cache add spec oracledb
8 silly cache add parsed spec Result {
8 silly cache add   raw: 'oracledb',
8 silly cache add   scope: null,
8 silly cache add   name: 'oracledb',
8 silly cache add   rawSpec: '',
8 silly cache add   spec: 'latest',
8 silly cache add   type: 'tag' }
9 silly addNamed oracledb@latest
10 verbose addNamed "latest" is being treated as a dist-tag for oracledb
11 info addNameTag [ 'oracledb', 'latest' ]
12 silly mapToRegistry name oracledb
13 silly mapToRegistry using default registry
14 silly mapToRegistry registry https://registry.npmjs.org/
15 silly mapToRegistry data Result {
15 silly mapToRegistry   raw: 'oracledb',
15 silly mapToRegistry   scope: null,
15 silly mapToRegistry   name: 'oracledb',
15 silly mapToRegistry   rawSpec: '',
15 silly mapToRegistry   spec: 'latest',
15 silly mapToRegistry   type: 'tag' }
16 silly mapToRegistry uri https://registry.npmjs.org/oracledb
17 verbose addNameTag registry:https://registry.npmjs.org/oracledb not in flight; fetching
18 verbose request uri https://registry.npmjs.org/oracledb
19 verbose request no auth needed
20 info attempt registry request try #1 at 3:06:25 PM
21 verbose request id 05ed5429569f0f24
22 http request GET https://registry.npmjs.org/oracledb
23 http 200 https://registry.npmjs.org/oracledb
24 verbose headers { server: 'CouchDB/1.5.0 (Erlang OTP/R16B03)',
24 verbose headers   etag: '"1CPHI2CJL2W7ACHZVVPSFCMMI"',
24 verbose headers   'content-type': 'application/json',
24 verbose headers   'content-encoding': 'gzip',
24 verbose headers   'cache-control': 'max-age=300',
24 verbose headers   'content-length': '6648',
24 verbose headers   'accept-ranges': 'bytes',
24 verbose headers   date: 'Tue, 07 Jun 2016 20:06:26 GMT',
24 verbose headers   via: '1.1 varnish',
24 verbose headers   age: '230',
24 verbose headers   connection: 'keep-alive',
24 verbose headers   'x-served-by': 'cache-atl6245-ATL',
24 verbose headers   'x-cache': 'HIT',
24 verbose headers   'x-cache-hits': '1',
24 verbose headers   'x-timer': 'S1465329986.094973,VS0,VE0',
24 verbose headers   vary: 'Accept-Encoding' }
25 silly get cb [ 200,
25 silly get   { server: 'CouchDB/1.5.0 (Erlang OTP/R16B03)',
25 silly get     etag: '"1CPHI2CJL2W7ACHZVVPSFCMMI"',
25 silly get     'content-type': 'application/json',
25 silly get     'content-encoding': 'gzip',
25 silly get     'cache-control': 'max-age=300',
25 silly get     'content-length': '6648',
25 silly get     'accept-ranges': 'bytes',
25 silly get     date: 'Tue, 07 Jun 2016 20:06:26 GMT',
25 silly get     via: '1.1 varnish',
25 silly get     age: '230',
25 silly get     connection: 'keep-alive',
25 silly get     'x-served-by': 'cache-atl6245-ATL',
25 silly get     'x-cache': 'HIT',
25 silly get     'x-cache-hits': '1',
25 silly get     'x-timer': 'S1465329986.094973,VS0,VE0',
25 silly get     vary: 'Accept-Encoding' } ]
26 verbose get saving oracledb to /Users/xyz/.npm/registry.npmjs.org/oracledb/.cache.json
27 verbose correctMkdir /Users/xyz/.npm correctMkdir not in flight; initializing
28 silly addNameTag next cb for oracledb with tag latest
29 silly addNamed oracledb@1.9.3
30 verbose addNamed "1.9.3" is a plain semver version for oracledb
31 silly mapToRegistry name oracledb
32 silly mapToRegistry using default registry
33 silly mapToRegistry registry https://registry.npmjs.org/
34 silly mapToRegistry data Result {
34 silly mapToRegistry   raw: 'oracledb',
34 silly mapToRegistry   scope: null,
34 silly mapToRegistry   name: 'oracledb',
34 silly mapToRegistry   rawSpec: '',
34 silly mapToRegistry   spec: 'latest',
34 silly mapToRegistry   type: 'tag' }
35 silly mapToRegistry uri https://registry.npmjs.org/oracledb
36 verbose addRemoteTarball https://registry.npmjs.org/oracledb/-/oracledb-1.9.3.tgz not in flight; adding
37 verbose addRemoteTarball [ 'https://registry.npmjs.org/oracledb/-/oracledb-1.9.3.tgz',
37 verbose addRemoteTarball   '58a312b721d7ba88856db01ab59fb26be99256b5' ]
38 info retry fetch attempt 1 at 3:06:25 PM
39 info attempt registry request try #1 at 3:06:25 PM
40 http fetch GET https://registry.npmjs.org/oracledb/-/oracledb-1.9.3.tgz
41 http fetch 200 https://registry.npmjs.org/oracledb/-/oracledb-1.9.3.tgz
42 silly fetchAndShaCheck shasum 58a312b721d7ba88856db01ab59fb26be99256b5
43 verbose addTmpTarball /var/folders/nw/95sst1fj4891nv4hbz194j3r0000gn/T/npm-6238-83685aa8/registry.npmjs.org/oracledb/-/oracledb-1.9.3.tgz not in flight; adding
44 verbose addTmpTarball already have metadata; skipping unpack for oracledb@1.9.3
45 verbose correctMkdir /Users/xyz/.npm correctMkdir not in flight; initializing
46 silly cache afterAdd oracledb@1.9.3
47 verbose afterAdd /Users/xyz/.npm/oracledb/1.9.3/package/package.json not in flight; writing
48 verbose correctMkdir /Users/xyz/.npm correctMkdir not in flight; initializing
49 verbose afterAdd /Users/xyz/.npm/oracledb/1.9.3/package/package.json written
50 silly install resolved [ { name: 'oracledb',
50 silly install resolved     version: '1.9.3',
50 silly install resolved     description: 'Oracle Database driver by Oracle Corp.',
50 silly install resolved     license: 'Apache-2.0',
50 silly install resolved     homepage: 'http://www.oracle.com/technetwork/database/database-technologies/scripting-languages/node_js/',
50 silly install resolved     keywords:
50 silly install resolved      [ 'oracledb',
50 silly install resolved        'dboracle',
50 silly install resolved        'Node.js',
50 silly install resolved        'SQL',
50 silly install resolved        'PL/SQL',
50 silly install resolved        'connection',
50 silly install resolved        'connectivity',
50 silly install resolved        'OCI',
50 silly install resolved        'client',
50 silly install resolved        'plugin',
50 silly install resolved        'library',
50 silly install resolved        'driver',
50 silly install resolved        'add-on',
50 silly install resolved        'extension',
50 silly install resolved        'binding',
50 silly install resolved        'interface',
50 silly install resolved        'adapter',
50 silly install resolved        'module',
50 silly install resolved        'DB',
50 silly install resolved        'official',
50 silly install resolved        'Database',
50 silly install resolved        'Oracle' ],
50 silly install resolved     repository:
50 silly install resolved      { type: 'git',
50 silly install resolved        url: 'git://github.com/oracle/node-oracledb.git' },
50 silly install resolved     dependencies: { nan: '~2.3.0' },
50 silly install resolved     devDependencies: { mocha: '^2.4.5', should: '^8.3.1', async: '^1.5.0' },
50 silly install resolved     scripts:
50 silly install resolved      { test: 'mocha -R spec --timeout 10000 test/*.js',
50 silly install resolved        testWindows: 'mocha -R spec --timeout 0 test\\*.js',
50 silly install resolved        install: 'node-gyp rebuild' },
50 silly install resolved     engines: { node: '>=0.10.28 <7' },
50 silly install resolved     maintainers: [ [Object], [Object] ],
50 silly install resolved     bugs: { url: 'https://github.com/oracle/node-oracledb/issues' },
50 silly install resolved     main: './index.js',
50 silly install resolved     gypfile: true,
50 silly install resolved     _id: 'oracledb@1.9.3',
50 silly install resolved     _shasum: '58a312b721d7ba88856db01ab59fb26be99256b5',
50 silly install resolved     _resolved: 'https://registry.npmjs.org/oracledb/-/oracledb-1.9.3.tgz',
50 silly install resolved     _from: 'oracledb@latest',
50 silly install resolved     _npmVersion: '2.15.1',
50 silly install resolved     _nodeVersion: '4.4.4',
50 silly install resolved     _npmUser: { name: 'cjbj', email: 'christopher.jones@oracle.com' },
50 silly install resolved     dist:
50 silly install resolved      { shasum: '58a312b721d7ba88856db01ab59fb26be99256b5',
50 silly install resolved        tarball: 'https://registry.npmjs.org/oracledb/-/oracledb-1.9.3.tgz' },
50 silly install resolved     _npmOperationalInternal:
50 silly install resolved      { host: 'packages-12-west.internal.npmjs.com',
50 silly install resolved        tmp: 'tmp/oracledb-1.9.3.tgz_1464071400129_0.759534957818687' },
50 silly install resolved     directories: {} } ]
51 info install oracledb@1.9.3 into /Users/xyz/Documents/Oracle
52 info installOne oracledb@1.9.3
53 verbose installOne of oracledb to /Users/xyz/Documents/Oracle not in flight; installing
54 verbose correctMkdir /Users/xyz/.npm/_locks correctMkdir not in flight; initializing
55 verbose lock using /Users/xyz/.npm/_locks/oracledb-ea55e78320fa768d.lock for /Users/xyz/Documents/Oracle/node_modules/oracledb
56 silly install write writing oracledb 1.9.3 to /Users/xyz/Documents/Oracle/node_modules/oracledb
57 verbose unbuild node_modules/oracledb
58 silly gentlyRm /Users/xyz/Documents/Oracle/node_modules/oracledb is being purged from base /Users/xyz/Documents/Oracle
59 verbose gentlyRm don't care about contents; nuking /Users/xyz/Documents/Oracle/node_modules/oracledb
60 verbose tar unpack /Users/xyz/.npm/oracledb/1.9.3/package.tgz
61 verbose tar unpacking to /Users/xyz/Documents/Oracle/node_modules/oracledb
62 silly gentlyRm /Users/xyz/Documents/Oracle/node_modules/oracledb is being purged
63 verbose gentlyRm don't care about contents; nuking /Users/xyz/Documents/Oracle/node_modules/oracledb
64 silly gunzTarPerm modes [ '755', '644' ]
65 silly gunzTarPerm extractEntry package.json
66 silly gunzTarPerm extractEntry README.md
67 silly gunzTarPerm extractEntry index.js
68 silly gunzTarPerm extractEntry CHANGELOG.md
69 silly gunzTarPerm extractEntry LICENSE.md
70 silly gunzTarPerm extractEntry binding.gyp
71 silly gunzTarPerm extractEntry lib/connection.js
72 silly gunzTarPerm extractEntry lib/lob.js
73 silly gunzTarPerm extractEntry lib/oracledb.js
74 silly gunzTarPerm extractEntry lib/pool.js
75 silly gunzTarPerm extractEntry lib/querystream.js
76 silly gunzTarPerm extractEntry lib/resultset.js
77 silly gunzTarPerm extractEntry lib/util.js
78 silly gunzTarPerm extractEntry src/dpi/include/dpi.h
79 silly gunzTarPerm extractEntry src/dpi/include/dpiCommon.h
80 silly gunzTarPerm extractEntry src/dpi/include/dpiConn.h
81 silly gunzTarPerm extractEntry src/dpi/include/dpiDateTimeArray.h
82 silly gunzTarPerm extractEntry src/dpi/include/dpiEnv.h
83 silly gunzTarPerm extractEntry src/dpi/include/dpiException.h
84 silly gunzTarPerm extractEntry src/dpi/include/dpiLob.h
85 silly gunzTarPerm extractEntry src/dpi/include/dpiPool.h
86 silly gunzTarPerm extractEntry src/dpi/include/dpiStmt.h
87 silly gunzTarPerm extractEntry src/dpi/src/dpiExceptionImpl.cpp
88 silly gunzTarPerm extractEntry src/dpi/src/dpiCommon.cpp
89 silly gunzTarPerm extractEntry src/dpi/src/dpiConnImpl.h
90 silly gunzTarPerm extractEntry src/dpi/src/dpiDateTimeArrayImpl.cpp
91 silly gunzTarPerm extractEntry src/dpi/src/dpiDateTimeArrayImpl.h
92 silly gunzTarPerm extractEntry src/dpi/src/dpiEnv.cpp
93 silly gunzTarPerm extractEntry src/dpi/src/dpiEnvImpl.cpp
94 silly gunzTarPerm extractEntry src/dpi/src/dpiEnvImpl.h
95 silly gunzTarPerm extractEntry src/dpi/src/dpiException.cpp
96 silly gunzTarPerm extractEntry src/dpi/src/dpiConnImpl.cpp
97 silly gunzTarPerm extractEntry src/dpi/src/dpiExceptionImpl.h
98 silly gunzTarPerm extractEntry src/dpi/src/dpiLob.cpp
99 silly gunzTarPerm extractEntry src/dpi/src/dpiPoolImpl.cpp
100 silly gunzTarPerm extractEntry src/dpi/src/dpiPoolImpl.h
101 silly gunzTarPerm extractEntry src/dpi/src/dpiStmtImpl.cpp
102 silly gunzTarPerm extractEntry src/dpi/src/dpiStmtImpl.h
103 silly gunzTarPerm extractEntry src/dpi/src/dpiUtils.cpp
104 silly gunzTarPerm extractEntry src/dpi/src/dpiUtils.h
105 silly gunzTarPerm extractEntry src/njs/src/njsOracle.cpp
106 silly gunzTarPerm extractEntry src/njs/src/njsConnection.cpp
107 silly gunzTarPerm extractEntry src/njs/src/njsIntLob.cpp
108 silly gunzTarPerm extractEntry src/njs/src/njsIntLob.h
109 silly gunzTarPerm extractEntry src/njs/src/njsMessages.cpp
110 silly gunzTarPerm extractEntry src/njs/src/njsMessages.h
111 silly gunzTarPerm extractEntry src/njs/src/njsConnection.h
112 silly gunzTarPerm extractEntry src/njs/src/njsOracle.h
113 silly gunzTarPerm extractEntry src/njs/src/njsPool.cpp
114 silly gunzTarPerm extractEntry src/njs/src/njsPool.h
115 silly gunzTarPerm extractEntry src/njs/src/njsResultSet.cpp
116 silly gunzTarPerm extractEntry src/njs/src/njsResultSet.h
117 silly gunzTarPerm extractEntry src/njs/src/njsUtils.h
118 verbose write writing to /Users/xyz/Documents/Oracle/node_modules/oracledb/package.json
119 info preinstall oracledb@1.9.3
120 verbose readDependencies loading dependencies from /Users/xyz/Documents/Oracle/node_modules/oracledb/package.json
121 silly prepareForInstallMany adding nan@~2.3.0 from oracledb dependencies
122 verbose readDependencies loading dependencies from /Users/xyz/Documents/Oracle/node_modules/oracledb/package.json
123 silly cache add args [ 'nan@~2.3.0', null ]
124 verbose cache add spec nan@~2.3.0
125 silly cache add parsed spec Result {
125 silly cache add   raw: 'nan@~2.3.0',
125 silly cache add   scope: null,
125 silly cache add   name: 'nan',
125 silly cache add   rawSpec: '~2.3.0',
125 silly cache add   spec: '>=2.3.0 <2.4.0',
125 silly cache add   type: 'range' }
126 silly addNamed nan@>=2.3.0 <2.4.0
127 verbose addNamed ">=2.3.0 <2.4.0" is a valid semver range for nan
128 silly addNameRange { name: 'nan', range: '>=2.3.0 <2.4.0', hasData: false }
129 silly mapToRegistry name nan
130 silly mapToRegistry using default registry
131 silly mapToRegistry registry https://registry.npmjs.org/
132 silly mapToRegistry data Result {
132 silly mapToRegistry   raw: 'nan',
132 silly mapToRegistry   scope: null,
132 silly mapToRegistry   name: 'nan',
132 silly mapToRegistry   rawSpec: '',
132 silly mapToRegistry   spec: 'latest',
132 silly mapToRegistry   type: 'tag' }
133 silly mapToRegistry uri https://registry.npmjs.org/nan
134 verbose addNameRange registry:https://registry.npmjs.org/nan not in flight; fetching
135 verbose request uri https://registry.npmjs.org/nan
136 verbose request no auth needed
137 info attempt registry request try #1 at 3:06:26 PM
138 verbose etag "24B26O57Z0ASCDVIYEYKA8KVW"
139 http request GET https://registry.npmjs.org/nan
140 http 200 https://registry.npmjs.org/nan
141 verbose headers { server: 'CouchDB/1.5.0 (Erlang OTP/R16B03)',
141 verbose headers   etag: '"12RFHNMU7CS3WJ1892HQLM0NB"',
141 verbose headers   'content-type': 'application/json',
141 verbose headers   'content-encoding': 'gzip',
141 verbose headers   'cache-control': 'max-age=300',
141 verbose headers   'content-length': '16977',
141 verbose headers   'accept-ranges': 'bytes',
141 verbose headers   date: 'Tue, 07 Jun 2016 20:06:26 GMT',
141 verbose headers   via: '1.1 varnish',
141 verbose headers   age: '58',
141 verbose headers   connection: 'keep-alive',
141 verbose headers   'x-served-by': 'cache-atl6245-ATL',
141 verbose headers   'x-cache': 'HIT',
141 verbose headers   'x-cache-hits': '5',
141 verbose headers   'x-timer': 'S1465329986.883192,VS0,VE0',
141 verbose headers   vary: 'Accept-Encoding' }
142 silly get cb [ 200,
142 silly get   { server: 'CouchDB/1.5.0 (Erlang OTP/R16B03)',
142 silly get     etag: '"12RFHNMU7CS3WJ1892HQLM0NB"',
142 silly get     'content-type': 'application/json',
142 silly get     'content-encoding': 'gzip',
142 silly get     'cache-control': 'max-age=300',
142 silly get     'content-length': '16977',
142 silly get     'accept-ranges': 'bytes',
142 silly get     date: 'Tue, 07 Jun 2016 20:06:26 GMT',
142 silly get     via: '1.1 varnish',
142 silly get     age: '58',
142 silly get     connection: 'keep-alive',
142 silly get     'x-served-by': 'cache-atl6245-ATL',
142 silly get     'x-cache': 'HIT',
142 silly get     'x-cache-hits': '5',
142 silly get     'x-timer': 'S1465329986.883192,VS0,VE0',
142 silly get     vary: 'Accept-Encoding' } ]
143 verbose get saving nan to /Users/xyz/.npm/registry.npmjs.org/nan/.cache.json
144 verbose correctMkdir /Users/xyz/.npm correctMkdir not in flight; initializing
145 silly addNameRange number 2 { name: 'nan', range: '>=2.3.0 <2.4.0', hasData: true }
146 silly addNameRange versions [ 'nan',
146 silly addNameRange   [ '0.3.0-wip',
146 silly addNameRange     '0.3.0-wip2',
146 silly addNameRange     '0.3.0',
146 silly addNameRange     '0.3.1',
146 silly addNameRange     '0.3.2',
146 silly addNameRange     '0.4.0',
146 silly addNameRange     '0.4.1',
146 silly addNameRange     '0.4.2',
146 silly addNameRange     '0.4.3',
146 silly addNameRange     '0.4.4',
146 silly addNameRange     '0.5.0',
146 silly addNameRange     '0.5.1',
146 silly addNameRange     '0.5.2',
146 silly addNameRange     '0.6.0',
146 silly addNameRange     '0.7.0',
146 silly addNameRange     '0.7.1',
146 silly addNameRange     '0.8.0',
146 silly addNameRange     '1.0.0',
146 silly addNameRange     '1.1.0',
146 silly addNameRange     '1.1.1',
146 silly addNameRange     '1.1.2',
146 silly addNameRange     '1.2.0',
146 silly addNameRange     '1.3.0',
146 silly addNameRange     '1.4.0',
146 silly addNameRange     '1.4.1',
146 silly addNameRange     '1.5.0',
146 silly addNameRange     '1.4.2',
146 silly addNameRange     '1.4.3',
146 silly addNameRange     '1.5.1',
146 silly addNameRange     '1.5.2',
146 silly addNameRange     '1.6.0',
146 silly addNameRange     '1.5.3',
146 silly addNameRange     '1.6.1',
146 silly addNameRange     '1.6.2',
146 silly addNameRange     '1.7.0',
146 silly addNameRange     '1.8.0',
146 silly addNameRange     '1.8.1',
146 silly addNameRange     '1.8.2',
146 silly addNameRange     '1.8.3',
146 silly addNameRange     '1.8.4',
146 silly addNameRange     '1.9.0',
146 silly addNameRange     '2.0.0',
146 silly addNameRange     '2.0.1',
146 silly addNameRange     '2.0.2',
146 silly addNameRange     '2.0.3',
146 silly addNameRange     '2.0.4',
146 silly addNameRange     '2.0.5',
146 silly addNameRange     '2.0.6',
146 silly addNameRange     '2.0.7',
146 silly addNameRange     '2.0.8',
146 silly addNameRange     '2.0.9',
146 silly addNameRange     '2.1.0',
146 silly addNameRange     '2.2.0',
146 silly addNameRange     '2.2.1',
146 silly addNameRange     '2.3.0',
146 silly addNameRange     '2.3.1',
146 silly addNameRange     '2.3.2',
146 silly addNameRange     '2.3.3',
146 silly addNameRange     '2.3.4',
146 silly addNameRange     '2.3.5' ] ]
147 silly addNamed nan@2.3.5
148 verbose addNamed "2.3.5" is a plain semver version for nan
149 silly mapToRegistry name nan
150 silly mapToRegistry using default registry
151 silly mapToRegistry registry https://registry.npmjs.org/
152 silly mapToRegistry data Result {
152 silly mapToRegistry   raw: 'nan',
152 silly mapToRegistry   scope: null,
152 silly mapToRegistry   name: 'nan',
152 silly mapToRegistry   rawSpec: '',
152 silly mapToRegistry   spec: 'latest',
152 silly mapToRegistry   type: 'tag' }
153 silly mapToRegistry uri https://registry.npmjs.org/nan
154 verbose addRemoteTarball https://registry.npmjs.org/nan/-/nan-2.3.5.tgz not in flight; adding
155 verbose addRemoteTarball [ 'https://registry.npmjs.org/nan/-/nan-2.3.5.tgz',
155 verbose addRemoteTarball   '822a0dc266290ce4cd3a12282ca3e7e364668a08' ]
156 info retry fetch attempt 1 at 3:06:26 PM
157 info attempt registry request try #1 at 3:06:26 PM
158 http fetch GET https://registry.npmjs.org/nan/-/nan-2.3.5.tgz
159 http fetch 200 https://registry.npmjs.org/nan/-/nan-2.3.5.tgz
160 silly fetchAndShaCheck shasum 822a0dc266290ce4cd3a12282ca3e7e364668a08
161 verbose addTmpTarball /var/folders/nw/95sst1fj4891nv4hbz194j3r0000gn/T/npm-6238-83685aa8/registry.npmjs.org/nan/-/nan-2.3.5.tgz not in flight; adding
162 verbose addTmpTarball already have metadata; skipping unpack for nan@2.3.5
163 verbose correctMkdir /Users/xyz/.npm correctMkdir not in flight; initializing
164 silly cache afterAdd nan@2.3.5
165 verbose afterAdd /Users/xyz/.npm/nan/2.3.5/package/package.json not in flight; writing
166 verbose correctMkdir /Users/xyz/.npm correctMkdir not in flight; initializing
167 verbose afterAdd /Users/xyz/.npm/nan/2.3.5/package/package.json written
168 silly install resolved [ { name: 'nan',
168 silly install resolved     version: '2.3.5',
168 silly install resolved     description: 'Native Abstractions for Node.js: C++ header for Node 0.8 -> 6 compatibility',
168 silly install resolved     main: 'include_dirs.js',
168 silly install resolved     repository: { type: 'git', url: 'git://github.com/nodejs/nan.git' },
168 silly install resolved     scripts:
168 silly install resolved      { test: 'tap --gc --stderr test/js/*-test.js',
168 silly install resolved        'rebuild-tests': 'node-gyp rebuild --msvs_version=2013 --directory test',
168 silly install resolved        docs: 'doc/.build.sh' },
168 silly install resolved     contributors:
168 silly install resolved      [ [Object],
168 silly install resolved        [Object],
168 silly install resolved        [Object],
168 silly install resolved        [Object],
168 silly install resolved        [Object],
168 silly install resolved        [Object],
168 silly install resolved        [Object] ],
168 silly install resolved     devDependencies:
168 silly install resolved      { bindings: '~1.2.1',
168 silly install resolved        commander: '^2.8.1',
168 silly install resolved        glob: '^5.0.14',
168 silly install resolved        'node-gyp': '~3.0.1',
168 silly install resolved        tap: '~0.7.1',
168 silly install resolved        xtend: '~4.0.0' },
168 silly install resolved     license: 'MIT',
168 silly install resolved     bugs: { url: 'https://github.com/nodejs/nan/issues' },
168 silly install resolved     homepage: 'https://github.com/nodejs/nan#readme',
168 silly install resolved     _id: 'nan@2.3.5',
168 silly install resolved     _shasum: '822a0dc266290ce4cd3a12282ca3e7e364668a08',
168 silly install resolved     _resolved: 'https://registry.npmjs.org/nan/-/nan-2.3.5.tgz',
168 silly install resolved     _from: 'nan@>=2.3.0 <2.4.0',
168 silly install resolved     _npmVersion: '3.3.6',
168 silly install resolved     _nodeVersion: '5.0.0',
168 silly install resolved     _npmUser: { name: 'kkoopa', email: 'bbyholm@abo.fi' },
168 silly install resolved     dist:
168 silly install resolved      { shasum: '822a0dc266290ce4cd3a12282ca3e7e364668a08',
168 silly install resolved        tarball: 'https://registry.npmjs.org/nan/-/nan-2.3.5.tgz' },
168 silly install resolved     maintainers: [ [Object], [Object] ],
168 silly install resolved     _npmOperationalInternal:
168 silly install resolved      { host: 'packages-12-west.internal.npmjs.com',
168 silly install resolved        tmp: 'tmp/nan-2.3.5.tgz_1464707164994_0.4295874561648816' },
168 silly install resolved     directories: {} } ]
169 info install nan@2.3.5 into /Users/xyz/Documents/Oracle/node_modules/oracledb
170 info installOne nan@2.3.5
171 verbose installOne of nan to /Users/xyz/Documents/Oracle/node_modules/oracledb not in flight; installing
172 verbose correctMkdir /Users/xyz/.npm/_locks correctMkdir not in flight; initializing
173 verbose lock using /Users/xyz/.npm/_locks/nan-909fbd8c0d170ac3.lock for /Users/xyz/Documents/Oracle/node_modules/oracledb/node_modules/nan
174 silly install write writing nan 2.3.5 to /Users/xyz/Documents/Oracle/node_modules/oracledb/node_modules/nan
175 verbose unbuild node_modules/oracledb/node_modules/nan
176 silly gentlyRm /Users/xyz/Documents/Oracle/node_modules/oracledb/node_modules/nan is being purged from base /Users/xyz/Documents/Oracle
177 verbose gentlyRm don't care about contents; nuking /Users/xyz/Documents/Oracle/node_modules/oracledb/node_modules/nan
178 verbose tar unpack /Users/xyz/.npm/nan/2.3.5/package.tgz
179 verbose tar unpacking to /Users/xyz/Documents/Oracle/node_modules/oracledb/node_modules/nan
180 silly gentlyRm /Users/xyz/Documents/Oracle/node_modules/oracledb/node_modules/nan is being purged
181 verbose gentlyRm don't care about contents; nuking /Users/xyz/Documents/Oracle/node_modules/oracledb/node_modules/nan
182 silly gunzTarPerm modes [ '755', '644' ]
183 silly gunzTarPerm extractEntry package.json
184 silly gunzTarPerm modified mode [ 'package.json', 436, 420 ]
185 silly gunzTarPerm extractEntry README.md
186 silly gunzTarPerm modified mode [ 'README.md', 436, 420 ]
187 silly gunzTarPerm extractEntry include_dirs.js
188 silly gunzTarPerm modified mode [ 'include_dirs.js', 436, 420 ]
189 silly gunzTarPerm extractEntry nan_converters.h
190 silly gunzTarPerm modified mode [ 'nan_converters.h', 436, 420 ]
191 silly gunzTarPerm extractEntry LICENSE.md
192 silly gunzTarPerm modified mode [ 'LICENSE.md', 436, 420 ]
193 silly gunzTarPerm extractEntry doc/node_misc.md
194 silly gunzTarPerm modified mode [ 'doc/node_misc.md', 436, 420 ]
195 silly gunzTarPerm extractEntry doc/asyncworker.md
196 silly gunzTarPerm modified mode [ 'doc/asyncworker.md', 436, 420 ]
197 silly gunzTarPerm extractEntry doc/callback.md
198 silly gunzTarPerm modified mode [ 'doc/callback.md', 436, 420 ]
199 silly gunzTarPerm extractEntry doc/converters.md
200 silly gunzTarPerm modified mode [ 'doc/converters.md', 436, 420 ]
201 silly gunzTarPerm extractEntry doc/errors.md
202 silly gunzTarPerm modified mode [ 'doc/errors.md', 436, 420 ]
203 silly gunzTarPerm extractEntry doc/maybe_types.md
204 silly gunzTarPerm modified mode [ 'doc/maybe_types.md', 436, 420 ]
205 silly gunzTarPerm extractEntry doc/methods.md
206 silly gunzTarPerm modified mode [ 'doc/methods.md', 436, 420 ]
207 silly gunzTarPerm extractEntry doc/new.md
208 silly gunzTarPerm modified mode [ 'doc/new.md', 436, 420 ]
209 silly gunzTarPerm extractEntry doc/buffers.md
210 silly gunzTarPerm modified mode [ 'doc/buffers.md', 436, 420 ]
211 silly gunzTarPerm extractEntry doc/object_wrappers.md
212 silly gunzTarPerm modified mode [ 'doc/object_wrappers.md', 436, 420 ]
213 silly gunzTarPerm extractEntry doc/persistent.md
214 silly gunzTarPerm modified mode [ 'doc/persistent.md', 436, 420 ]
215 silly gunzTarPerm extractEntry doc/scopes.md
216 silly gunzTarPerm modified mode [ 'doc/scopes.md', 436, 420 ]
217 silly gunzTarPerm extractEntry doc/script.md
218 silly gunzTarPerm modified mode [ 'doc/script.md', 436, 420 ]
219 silly gunzTarPerm extractEntry doc/string_bytes.md
220 silly gunzTarPerm modified mode [ 'doc/string_bytes.md', 436, 420 ]
221 silly gunzTarPerm extractEntry doc/v8_internals.md
222 silly gunzTarPerm modified mode [ 'doc/v8_internals.md', 436, 420 ]
223 silly gunzTarPerm extractEntry doc/v8_misc.md
224 silly gunzTarPerm modified mode [ 'doc/v8_misc.md', 436, 420 ]
225 silly gunzTarPerm extractEntry nan.h
226 silly gunzTarPerm modified mode [ 'nan.h', 436, 420 ]
227 silly gunzTarPerm extractEntry nan_callbacks.h
228 silly gunzTarPerm modified mode [ 'nan_callbacks.h', 436, 420 ]
229 silly gunzTarPerm extractEntry nan_callbacks_12_inl.h
230 silly gunzTarPerm modified mode [ 'nan_callbacks_12_inl.h', 436, 420 ]
231 silly gunzTarPerm extractEntry nan_callbacks_pre_12_inl.h
232 silly gunzTarPerm modified mode [ 'nan_callbacks_pre_12_inl.h', 436, 420 ]
233 silly gunzTarPerm extractEntry nan_converters_43_inl.h
234 silly gunzTarPerm modified mode [ 'nan_converters_43_inl.h', 436, 420 ]
235 silly gunzTarPerm extractEntry nan_converters_pre_43_inl.h
236 silly gunzTarPerm modified mode [ 'nan_converters_pre_43_inl.h', 436, 420 ]
237 silly gunzTarPerm extractEntry nan_implementation_12_inl.h
238 silly gunzTarPerm modified mode [ 'nan_implementation_12_inl.h', 436, 420 ]
239 silly gunzTarPerm extractEntry nan_implementation_pre_12_inl.h
240 silly gunzTarPerm modified mode [ 'nan_implementation_pre_12_inl.h', 436, 420 ]
241 silly gunzTarPerm extractEntry nan_maybe_43_inl.h
242 silly gunzTarPerm modified mode [ 'nan_maybe_43_inl.h', 436, 420 ]
243 silly gunzTarPerm extractEntry nan_maybe_pre_43_inl.h
244 silly gunzTarPerm modified mode [ 'nan_maybe_pre_43_inl.h', 436, 420 ]
245 silly gunzTarPerm extractEntry nan_new.h
246 silly gunzTarPerm modified mode [ 'nan_new.h', 436, 420 ]
247 silly gunzTarPerm extractEntry nan_object_wrap.h
248 silly gunzTarPerm modified mode [ 'nan_object_wrap.h', 436, 420 ]
249 silly gunzTarPerm extractEntry nan_persistent_12_inl.h
250 silly gunzTarPerm modified mode [ 'nan_persistent_12_inl.h', 436, 420 ]
251 silly gunzTarPerm extractEntry nan_persistent_pre_12_inl.h
252 silly gunzTarPerm modified mode [ 'nan_persistent_pre_12_inl.h', 436, 420 ]
253 silly gunzTarPerm extractEntry nan_string_bytes.h
254 silly gunzTarPerm modified mode [ 'nan_string_bytes.h', 436, 420 ]
255 silly gunzTarPerm extractEntry nan_typedarray_contents.h
256 silly gunzTarPerm modified mode [ 'nan_typedarray_contents.h', 436, 420 ]
257 silly gunzTarPerm extractEntry nan_weak.h
258 silly gunzTarPerm modified mode [ 'nan_weak.h', 436, 420 ]
259 silly gunzTarPerm extractEntry CHANGELOG.md
260 silly gunzTarPerm modified mode [ 'CHANGELOG.md', 436, 420 ]
261 silly gunzTarPerm extractEntry tools/package.json
262 silly gunzTarPerm modified mode [ 'tools/package.json', 436, 420 ]
263 silly gunzTarPerm extractEntry tools/README.md
264 silly gunzTarPerm modified mode [ 'tools/README.md', 436, 420 ]
265 silly gunzTarPerm extractEntry tools/1to2.js
266 silly gunzTarPerm modified mode [ 'tools/1to2.js', 509, 493 ]
267 verbose write writing to /Users/xyz/Documents/Oracle/node_modules/oracledb/node_modules/nan/package.json
268 info preinstall nan@2.3.5
269 verbose readDependencies loading dependencies from /Users/xyz/Documents/Oracle/node_modules/oracledb/node_modules/nan/package.json
270 verbose readDependencies loading dependencies from /Users/xyz/Documents/Oracle/node_modules/oracledb/node_modules/nan/package.json
271 silly install resolved []
272 verbose about to build /Users/xyz/Documents/Oracle/node_modules/oracledb/node_modules/nan
273 info build /Users/xyz/Documents/Oracle/node_modules/oracledb/node_modules/nan
274 info linkStuff nan@2.3.5
275 silly linkStuff nan@2.3.5 has /Users/xyz/Documents/Oracle/node_modules/oracledb/node_modules as its parent node_modules
276 verbose linkBins nan@2.3.5
277 verbose linkMans nan@2.3.5
278 verbose rebuildBundles nan@2.3.5
279 info install nan@2.3.5
280 info postinstall nan@2.3.5
281 verbose unlock done using /Users/xyz/.npm/_locks/nan-909fbd8c0d170ac3.lock for /Users/xyz/Documents/Oracle/node_modules/oracledb/node_modules/nan
282 verbose about to build /Users/xyz/Documents/Oracle/node_modules/oracledb
283 info build /Users/xyz/Documents/Oracle/node_modules/oracledb
284 info linkStuff oracledb@1.9.3
285 silly linkStuff oracledb@1.9.3 has /Users/xyz/Documents/Oracle/node_modules as its parent node_modules
286 verbose linkBins oracledb@1.9.3
287 verbose linkMans oracledb@1.9.3
288 verbose rebuildBundles oracledb@1.9.3
289 verbose rebuildBundles [ 'nan' ]
290 info install oracledb@1.9.3
291 verbose unsafe-perm in lifecycle true
292 info oracledb@1.9.3 Failed to exec install script
293 verbose unlock done using /Users/xyz/.npm/_locks/oracledb-ea55e78320fa768d.lock for /Users/xyz/Documents/Oracle/node_modules/oracledb
294 verbose stack Error: oracledb@1.9.3 install: `node-gyp rebuild`
294 verbose stack Exit status 1
294 verbose stack     at EventEmitter.<anonymous> (/usr/local/lib/node_modules/npm/lib/utils/lifecycle.js:217:16)
294 verbose stack     at emitTwo (events.js:87:13)
294 verbose stack     at EventEmitter.emit (events.js:172:7)
294 verbose stack     at ChildProcess.<anonymous> (/usr/local/lib/node_modules/npm/lib/utils/spawn.js:24:14)
294 verbose stack     at emitTwo (events.js:87:13)
294 verbose stack     at ChildProcess.emit (events.js:172:7)
294 verbose stack     at maybeClose (internal/child_process.js:827:16)
294 verbose stack     at Process.ChildProcess._handle.onexit (internal/child_process.js:211:5)
295 verbose pkgid oracledb@1.9.3
296 verbose cwd /Users/xyz/Documents/Oracle
297 error Darwin 15.5.0
298 error argv "/usr/local/bin/node" "/usr/local/bin/npm" "install" "--save-dev" "oracledb"
299 error node v4.4.5
300 error npm  v2.15.5
301 error code ELIFECYCLE
302 error oracledb@1.9.3 install: `node-gyp rebuild`
302 error Exit status 1
303 error Failed at the oracledb@1.9.3 install script 'node-gyp rebuild'.
303 error This is most likely a problem with the oracledb package,
303 error not with npm itself.
303 error Tell the author that this fails on your system:
303 error     node-gyp rebuild
303 error You can get information on how to open an issue for this project with:
303 error     npm bugs oracledb
303 error Or if that isn't available, you can get their info via:
303 error
303 error     npm owner ls oracledb
303 error There is likely additional logging output above.
304 verbose exit [ 1, true ]
305 verbose unbuild node_modules/oracledb
306 info preuninstall oracledb@1.9.3
307 info uninstall oracledb@1.9.3
308 verbose unbuild rmStuff oracledb@1.9.3 from /Users/xyz/Documents/Oracle/node_modules
309 info postuninstall oracledb@1.9.3
310 silly gentlyRm /Users/xyz/Documents/Oracle/node_modules/oracledb is being purged from base /Users/xyz/Documents/Oracle
311 verbose gentlyRm don't care about contents; nuking /Users/xyz/Documents/Oracle/node_modules/oracledb
312 silly vacuum-fs purging /Users/xyz/Documents/Oracle/node_modules/oracledb
313 silly vacuum-fs removing /Users/xyz/Documents/Oracle/node_modules
314 silly vacuum-fs finished vacuuming up to /Users/xyz/Documents/Oracle
