
SQL*Loader: Release 12.1.0.2.0 - Production on Tue Jun 7 15:41:29 2016

Copyright (c) 1982, 2014, Oracle and/or its affiliates.  All rights reserved.

Control File:   C:\Oracle\Data\ctlwin\articulo.ctl
Data File:      C:\Oracle\Data\csv\articulo.csv
  Bad File:     C:\Oracle\Data\ctlwin\articulo.bad
  Discard File:  none specified
 
 (Allow all discards)

Number to load: ALL
Number to skip: 0
Errors allowed: 3000
Bind array:     64 rows, maximum of 256000 bytes
Continuation:    none specified
Path used:      Conventional

Table ARTICULO, loaded from every logical record.
Insert option in effect for this table: INSERT
TRAILING NULLCOLS option in effect

   Column Name                  Position   Len  Term Encl Datatype
------------------------------ ---------- ----- ---- ---- ---------------------
CODART                              FIRST     *   ,       CHARACTER            
DESART                               NEXT     *   ,       CHARACTER            
PREART                               NEXT     *   ,       CHARACTER            
COMPART                              NEXT     *   ,       CHARACTER            
IVAART                               NEXT     *   ,       CHARACTER            

Record 817: Rejected - Error on table ARTICULO, column DESART.
ORA-01400: cannot insert NULL into ("DANIEL"."ARTICULO"."DESART")


Table ARTICULO:
  816 Rows successfully loaded.
  1 Row not loaded due to data errors.
  0 Rows not loaded because all WHEN clauses were failed.
  0 Rows not loaded because all fields were null.


Space allocated for bind array:                  82560 bytes(64 rows)
Read   buffer bytes: 1048576

Total logical records skipped:          0
Total logical records read:           817
Total logical records rejected:         1
Total logical records discarded:        0

Run began on Tue Jun 07 15:41:29 2016
Run ended on Tue Jun 07 15:41:30 2016

Elapsed time was:     00:00:00.70
CPU time was:         00:00:00.07
