
SQL*Loader: Release 12.1.0.2.0 - Production on Tue Sep 6 20:27:16 2016

Copyright (c) 1982, 2014, Oracle and/or its affiliates.  All rights reserved.

Control File:   C:\Oracle\Data\ctlwin\cabecera.ctl
Data File:      C:\Oracle\Data\csv\cabecera.csv
  Bad File:     C:\Oracle\Data\ctlwin\cabecera.bad
  Discard File:  none specified
 
 (Allow all discards)

Number to load: ALL
Number to skip: 0
Errors allowed: 3000
Bind array:     64 rows, maximum of 256000 bytes
Continuation:    none specified
Path used:      Conventional

Table CABECERA, loaded from every logical record.
Insert option in effect for this table: INSERT
TRAILING NULLCOLS option in effect

   Column Name                  Position   Len  Term Encl Datatype
------------------------------ ---------- ----- ---- ---- ---------------------
CABTRN                              FIRST     *   ,       CHARACTER            
CABDOC                               NEXT     *   ,       CHARACTER            
CABDAT                               NEXT     *   ,       DATE YYYY-MM-DD      
CABVEN                               NEXT     *   ,       CHARACTER            
CABCLI                               NEXT     *   ,       CHARACTER            

SQL*Loader-601: For INSERT option, table must be empty.  Error on table CABECERA
