
SQL*Loader: Release 12.1.0.2.0 - Production on Tue Sep 6 20:27:17 2016

Copyright (c) 1982, 2014, Oracle and/or its affiliates.  All rights reserved.

Control File:   C:\Oracle\Data\ctlwin\cargued.ctl
Data File:      C:\Oracle\Data\csv\cargued.csv
  Bad File:     C:\Oracle\Data\ctlwin\cargued.bad
  Discard File:  none specified
 
 (Allow all discards)

Number to load: ALL
Number to skip: 0
Errors allowed: 3000
Bind array:     64 rows, maximum of 256000 bytes
Continuation:    none specified
Path used:      Conventional

Table CARGUED, loaded from every logical record.
Insert option in effect for this table: INSERT
TRAILING NULLCOLS option in effect

   Column Name                  Position   Len  Term Encl Datatype
------------------------------ ---------- ----- ---- ---- ---------------------
CARNUM                              FIRST     *   ,       CHARACTER            
CARDOC                               NEXT     *   ,       CHARACTER            
CARTRN                               NEXT     *   ,       CHARACTER            
CAREST                               NEXT     *   ,       CHARACTER            

SQL*Loader-601: For INSERT option, table must be empty.  Error on table CARGUED
