
SQL*Loader: Release 12.1.0.2.0 - Production on Tue Jun 7 15:41:32 2016

Copyright (c) 1982, 2014, Oracle and/or its affiliates.  All rights reserved.

Control File:   C:\Oracle\Data\ctlwin\detalle.ctl
Data File:      C:\Oracle\Data\csv\detalle.csv
  Bad File:     C:\Oracle\Data\ctlwin\detalle.bad
  Discard File:  none specified
 
 (Allow all discards)

Number to load: ALL
Number to skip: 0
Errors allowed: 3000
Bind array:     64 rows, maximum of 256000 bytes
Continuation:    none specified
Path used:      Conventional

Table DETALLE, loaded from every logical record.
Insert option in effect for this table: INSERT
TRAILING NULLCOLS option in effect

   Column Name                  Position   Len  Term Encl Datatype
------------------------------ ---------- ----- ---- ---- ---------------------
DETTRN                              FIRST     *   ,       CHARACTER            
DETDOC                               NEXT     *   ,       CHARACTER            
DETITE                               NEXT     *   ,       CHARACTER            
DETCAN                               NEXT     *   ,       CHARACTER            
DETPVE                               NEXT     *   ,       CHARACTER            
DETPIV                               NEXT     *   ,       CHARACTER            
DETCOS                               NEXT     *   ,       CHARACTER            

Record 29: Rejected - Error on table DETALLE.
ORA-02291: integrity constraint (DANIEL.FK_DETALLE_ARTICULO) violated - parent key not found

Record 31: Rejected - Error on table DETALLE.
ORA-02291: integrity constraint (DANIEL.FK_DETALLE_ARTICULO) violated - parent key not found

Record 35: Rejected - Error on table DETALLE.
ORA-02291: integrity constraint (DANIEL.FK_DETALLE_ARTICULO) violated - parent key not found

Record 47: Rejected - Error on table DETALLE.
ORA-02291: integrity constraint (DANIEL.FK_DETALLE_CABECERA) violated - parent key not found

Record 48: Rejected - Error on table DETALLE.
ORA-02291: integrity constraint (DANIEL.FK_DETALLE_CABECERA) violated - parent key not found

Record 49: Rejected - Error on table DETALLE.
ORA-02291: integrity constraint (DANIEL.FK_DETALLE_CABECERA) violated - parent key not found

Record 50: Rejected - Error on table DETALLE.
ORA-02291: integrity constraint (DANIEL.FK_DETALLE_CABECERA) violated - parent key not found

Record 51: Rejected - Error on table DETALLE.
ORA-02291: integrity constraint (DANIEL.FK_DETALLE_CABECERA) violated - parent key not found

Record 52: Rejected - Error on table DETALLE.
ORA-02291: integrity constraint (DANIEL.FK_DETALLE_CABECERA) violated - parent key not found

Record 53: Rejected - Error on table DETALLE.
ORA-02291: integrity constraint (DANIEL.FK_DETALLE_CABECERA) violated - parent key not found

Record 54: Rejected - Error on table DETALLE.
ORA-02291: integrity constraint (DANIEL.FK_DETALLE_CABECERA) violated - parent key not found

Record 55: Rejected - Error on table DETALLE.
ORA-02291: integrity constraint (DANIEL.FK_DETALLE_ARTICULO) violated - parent key not found

Record 56: Rejected - Error on table DETALLE.
ORA-02291: integrity constraint (DANIEL.FK_DETALLE_CABECERA) violated - parent key not found

Record 57: Rejected - Error on table DETALLE.
ORA-02291: integrity constraint (DANIEL.FK_DETALLE_CABECERA) violated - parent key not found

Record 58: Rejected - Error on table DETALLE.
ORA-02291: integrity constraint (DANIEL.FK_DETALLE_CABECERA) violated - parent key not found

Record 59: Rejected - Error on table DETALLE.
ORA-02291: integrity constraint (DANIEL.FK_DETALLE_CABECERA) violated - parent key not found

Record 60: Rejected - Error on table DETALLE.
ORA-02291: integrity constraint (DANIEL.FK_DETALLE_CABECERA) violated - parent key not found

Record 61: Rejected - Error on table DETALLE.
ORA-02291: integrity constraint (DANIEL.FK_DETALLE_CABECERA) violated - parent key not found

Record 62: Rejected - Error on table DETALLE.
ORA-02291: integrity constraint (DANIEL.FK_DETALLE_CABECERA) violated - parent key not found

Record 72: Rejected - Error on table DETALLE.
ORA-02291: integrity constraint (DANIEL.FK_DETALLE_ARTICULO) violated - parent key not found

Record 82: Rejected - Error on table DETALLE.
ORA-02291: integrity constraint (DANIEL.FK_DETALLE_ARTICULO) violated - parent key not found

Record 87: Rejected - Error on table DETALLE.
ORA-02291: integrity constraint (DANIEL.FK_DETALLE_ARTICULO) violated - parent key not found

Record 92: Rejected - Error on table DETALLE.
ORA-02291: integrity constraint (DANIEL.FK_DETALLE_ARTICULO) violated - parent key not found

Record 154: Rejected - Error on table DETALLE.
ORA-02291: integrity constraint (DANIEL.FK_DETALLE_ARTICULO) violated - parent key not found

Record 155: Rejected - Error on table DETALLE.
ORA-02291: integrity constraint (DANIEL.FK_DETALLE_CABECERA) violated - parent key not found

Record 160: Rejected - Error on table DETALLE.
ORA-02291: integrity constraint (DANIEL.FK_DETALLE_ARTICULO) violated - parent key not found

Record 178: Rejected - Error on table DETALLE.
ORA-02291: integrity constraint (DANIEL.FK_DETALLE_ARTICULO) violated - parent key not found

Record 238: Rejected - Error on table DETALLE.
ORA-02291: integrity constraint (DANIEL.FK_DETALLE_ARTICULO) violated - parent key not found

Record 262: Rejected - Error on table DETALLE.
ORA-02291: integrity constraint (DANIEL.FK_DETALLE_ARTICULO) violated - parent key not found

Record 275: Rejected - Error on table DETALLE.
ORA-02291: integrity constraint (DANIEL.FK_DETALLE_ARTICULO) violated - parent key not found

Record 276: Rejected - Error on table DETALLE.
ORA-02291: integrity constraint (DANIEL.FK_DETALLE_CABECERA) violated - parent key not found

Record 292: Rejected - Error on table DETALLE.
ORA-02291: integrity constraint (DANIEL.FK_DETALLE_ARTICULO) violated - parent key not found

Record 300: Rejected - Error on table DETALLE.
ORA-02291: integrity constraint (DANIEL.FK_DETALLE_ARTICULO) violated - parent key not found

Record 341: Rejected - Error on table DETALLE.
ORA-02291: integrity constraint (DANIEL.FK_DETALLE_ARTICULO) violated - parent key not found

Record 351: Rejected - Error on table DETALLE.
ORA-02291: integrity constraint (DANIEL.FK_DETALLE_ARTICULO) violated - parent key not found

Record 367: Rejected - Error on table DETALLE.
ORA-02291: integrity constraint (DANIEL.FK_DETALLE_ARTICULO) violated - parent key not found

Record 379: Rejected - Error on table DETALLE.
ORA-02291: integrity constraint (DANIEL.FK_DETALLE_ARTICULO) violated - parent key not found

Record 448: Rejected - Error on table DETALLE.
ORA-02291: integrity constraint (DANIEL.FK_DETALLE_CABECERA) violated - parent key not found

Record 449: Rejected - Error on table DETALLE.
ORA-02291: integrity constraint (DANIEL.FK_DETALLE_CABECERA) violated - parent key not found

Record 482: Rejected - Error on table DETALLE.
ORA-02291: integrity constraint (DANIEL.FK_DETALLE_ARTICULO) violated - parent key not found

Record 498: Rejected - Error on table DETALLE.
ORA-02291: integrity constraint (DANIEL.FK_DETALLE_ARTICULO) violated - parent key not found

Record 615: Rejected - Error on table DETALLE.
ORA-02291: integrity constraint (DANIEL.FK_DETALLE_CABECERA) violated - parent key not found

Record 616: Rejected - Error on table DETALLE.
ORA-02291: integrity constraint (DANIEL.FK_DETALLE_CABECERA) violated - parent key not found

Record 617: Rejected - Error on table DETALLE.
ORA-02291: integrity constraint (DANIEL.FK_DETALLE_CABECERA) violated - parent key not found

Record 618: Rejected - Error on table DETALLE.
ORA-02291: integrity constraint (DANIEL.FK_DETALLE_CABECERA) violated - parent key not found

Record 619: Rejected - Error on table DETALLE.
ORA-02291: integrity constraint (DANIEL.FK_DETALLE_CABECERA) violated - parent key not found

Record 620: Rejected - Error on table DETALLE.
ORA-02291: integrity constraint (DANIEL.FK_DETALLE_CABECERA) violated - parent key not found

Record 621: Rejected - Error on table DETALLE.
ORA-02291: integrity constraint (DANIEL.FK_DETALLE_CABECERA) violated - parent key not found

Record 622: Rejected - Error on table DETALLE.
ORA-02291: integrity constraint (DANIEL.FK_DETALLE_CABECERA) violated - parent key not found

Record 623: Rejected - Error on table DETALLE.
ORA-02291: integrity constraint (DANIEL.FK_DETALLE_CABECERA) violated - parent key not found

Record 730: Rejected - Error on table DETALLE.
ORA-02291: integrity constraint (DANIEL.FK_DETALLE_ARTICULO) violated - parent key not found

Record 743: Rejected - Error on table DETALLE.
ORA-02291: integrity constraint (DANIEL.FK_DETALLE_ARTICULO) violated - parent key not found

Record 744: Rejected - Error on table DETALLE.
ORA-02291: integrity constraint (DANIEL.FK_DETALLE_ARTICULO) violated - parent key not found

Record 808: Rejected - Error on table DETALLE.
ORA-00001: unique constraint (DANIEL.PK_DETALLE) violated

Record 825: Rejected - Error on table DETALLE.
ORA-02291: integrity constraint (DANIEL.FK_DETALLE_CABECERA) violated - parent key not found

Record 826: Rejected - Error on table DETALLE.
ORA-02291: integrity constraint (DANIEL.FK_DETALLE_CABECERA) violated - parent key not found

Record 827: Rejected - Error on table DETALLE.
ORA-02291: integrity constraint (DANIEL.FK_DETALLE_CABECERA) violated - parent key not found

Record 828: Rejected - Error on table DETALLE.
ORA-02291: integrity constraint (DANIEL.FK_DETALLE_CABECERA) violated - parent key not found

Record 829: Rejected - Error on table DETALLE.
ORA-02291: integrity constraint (DANIEL.FK_DETALLE_CABECERA) violated - parent key not found

Record 830: Rejected - Error on table DETALLE.
ORA-02291: integrity constraint (DANIEL.FK_DETALLE_CABECERA) violated - parent key not found

Record 831: Rejected - Error on table DETALLE.
ORA-02291: integrity constraint (DANIEL.FK_DETALLE_CABECERA) violated - parent key not found

Record 832: Rejected - Error on table DETALLE.
ORA-02291: integrity constraint (DANIEL.FK_DETALLE_CABECERA) violated - parent key not found

Record 833: Rejected - Error on table DETALLE.
ORA-02291: integrity constraint (DANIEL.FK_DETALLE_CABECERA) violated - parent key not found

Record 916: Rejected - Error on table DETALLE.
ORA-02291: integrity constraint (DANIEL.FK_DETALLE_CABECERA) violated - parent key not found

Record 917: Rejected - Error on table DETALLE.
ORA-02291: integrity constraint (DANIEL.FK_DETALLE_CABECERA) violated - parent key not found

Record 918: Rejected - Error on table DETALLE.
ORA-02291: integrity constraint (DANIEL.FK_DETALLE_CABECERA) violated - parent key not found

Record 919: Rejected - Error on table DETALLE.
ORA-02291: integrity constraint (DANIEL.FK_DETALLE_CABECERA) violated - parent key not found

Record 1015: Rejected - Error on table DETALLE.
ORA-02291: integrity constraint (DANIEL.FK_DETALLE_ARTICULO) violated - parent key not found

Record 1026: Rejected - Error on table DETALLE.
ORA-02291: integrity constraint (DANIEL.FK_DETALLE_ARTICULO) violated - parent key not found

Record 1055: Rejected - Error on table DETALLE.
ORA-02291: integrity constraint (DANIEL.FK_DETALLE_ARTICULO) violated - parent key not found

Record 1080: Rejected - Error on table DETALLE.
ORA-02291: integrity constraint (DANIEL.FK_DETALLE_ARTICULO) violated - parent key not found

Record 1111: Rejected - Error on table DETALLE.
ORA-00001: unique constraint (DANIEL.PK_DETALLE) violated

Record 1117: Rejected - Error on table DETALLE.
ORA-02291: integrity constraint (DANIEL.FK_DETALLE_ARTICULO) violated - parent key not found

Record 1256: Rejected - Error on table DETALLE.
ORA-02291: integrity constraint (DANIEL.FK_DETALLE_ARTICULO) violated - parent key not found

Record 1271: Rejected - Error on table DETALLE.
ORA-02291: integrity constraint (DANIEL.FK_DETALLE_ARTICULO) violated - parent key not found

Record 1287: Rejected - Error on table DETALLE.
ORA-02291: integrity constraint (DANIEL.FK_DETALLE_ARTICULO) violated - parent key not found

Record 1321: Rejected - Error on table DETALLE.
ORA-00001: unique constraint (DANIEL.PK_DETALLE) violated

Record 1470: Rejected - Error on table DETALLE.
ORA-02291: integrity constraint (DANIEL.FK_DETALLE_ARTICULO) violated - parent key not found

Record 1552: Rejected - Error on table DETALLE.
ORA-02291: integrity constraint (DANIEL.FK_DETALLE_ARTICULO) violated - parent key not found

Record 1607: Rejected - Error on table DETALLE.
ORA-02291: integrity constraint (DANIEL.FK_DETALLE_ARTICULO) violated - parent key not found

Record 1644: Rejected - Error on table DETALLE.
ORA-00001: unique constraint (DANIEL.PK_DETALLE) violated

Record 1685: Rejected - Error on table DETALLE.
ORA-02291: integrity constraint (DANIEL.FK_DETALLE_CABECERA) violated - parent key not found

Record 1686: Rejected - Error on table DETALLE.
ORA-02291: integrity constraint (DANIEL.FK_DETALLE_CABECERA) violated - parent key not found

Record 1719: Rejected - Error on table DETALLE.
ORA-00001: unique constraint (DANIEL.PK_DETALLE) violated

Record 1753: Rejected - Error on table DETALLE.
ORA-02291: integrity constraint (DANIEL.FK_DETALLE_ARTICULO) violated - parent key not found

Record 1758: Rejected - Error on table DETALLE.
ORA-00001: unique constraint (DANIEL.PK_DETALLE) violated

Record 1832: Rejected - Error on table DETALLE.
ORA-00001: unique constraint (DANIEL.PK_DETALLE) violated

Record 1888: Rejected - Error on table DETALLE.
ORA-02291: integrity constraint (DANIEL.FK_DETALLE_ARTICULO) violated - parent key not found

Record 1919: Rejected - Error on table DETALLE.
ORA-00001: unique constraint (DANIEL.PK_DETALLE) violated

Record 1920: Rejected - Error on table DETALLE.
ORA-00001: unique constraint (DANIEL.PK_DETALLE) violated

Record 1942: Rejected - Error on table DETALLE.
ORA-00001: unique constraint (DANIEL.PK_DETALLE) violated

Record 1954: Rejected - Error on table DETALLE.
ORA-02291: integrity constraint (DANIEL.FK_DETALLE_CABECERA) violated - parent key not found

Record 1955: Rejected - Error on table DETALLE.
ORA-02291: integrity constraint (DANIEL.FK_DETALLE_CABECERA) violated - parent key not found

Record 1956: Rejected - Error on table DETALLE.
ORA-02291: integrity constraint (DANIEL.FK_DETALLE_CABECERA) violated - parent key not found

Record 1957: Rejected - Error on table DETALLE.
ORA-02291: integrity constraint (DANIEL.FK_DETALLE_CABECERA) violated - parent key not found

Record 1958: Rejected - Error on table DETALLE.
ORA-02291: integrity constraint (DANIEL.FK_DETALLE_CABECERA) violated - parent key not found

Record 1959: Rejected - Error on table DETALLE.
ORA-02291: integrity constraint (DANIEL.FK_DETALLE_CABECERA) violated - parent key not found

Record 1974: Rejected - Error on table DETALLE.
ORA-00001: unique constraint (DANIEL.PK_DETALLE) violated

Record 1986: Rejected - Error on table DETALLE.
ORA-02291: integrity constraint (DANIEL.FK_DETALLE_ARTICULO) violated - parent key not found

Record 1989: Rejected - Error on table DETALLE.
ORA-00001: unique constraint (DANIEL.PK_DETALLE) violated

Record 2017: Rejected - Error on table DETALLE.
ORA-00001: unique constraint (DANIEL.PK_DETALLE) violated

Record 2053: Rejected - Error on table DETALLE.
ORA-00001: unique constraint (DANIEL.PK_DETALLE) violated

Record 2229: Rejected - Error on table DETALLE.
ORA-02291: integrity constraint (DANIEL.FK_DETALLE_ARTICULO) violated - parent key not found

Record 2417: Rejected - Error on table DETALLE.
ORA-00001: unique constraint (DANIEL.PK_DETALLE) violated

Record 2427: Rejected - Error on table DETALLE.
ORA-00001: unique constraint (DANIEL.PK_DETALLE) violated

Record 2437: Rejected - Error on table DETALLE.
ORA-02291: integrity constraint (DANIEL.FK_DETALLE_ARTICULO) violated - parent key not found

Record 2495: Rejected - Error on table DETALLE.
ORA-02291: integrity constraint (DANIEL.FK_DETALLE_ARTICULO) violated - parent key not found

Record 2505: Rejected - Error on table DETALLE.
ORA-02291: integrity constraint (DANIEL.FK_DETALLE_ARTICULO) violated - parent key not found

Record 2688: Rejected - Error on table DETALLE.
ORA-02291: integrity constraint (DANIEL.FK_DETALLE_ARTICULO) violated - parent key not found

Record 2695: Rejected - Error on table DETALLE.
ORA-02291: integrity constraint (DANIEL.FK_DETALLE_ARTICULO) violated - parent key not found

Record 2705: Rejected - Error on table DETALLE.
ORA-02291: integrity constraint (DANIEL.FK_DETALLE_ARTICULO) violated - parent key not found

Record 2870: Rejected - Error on table DETALLE.
ORA-02291: integrity constraint (DANIEL.FK_DETALLE_ARTICULO) violated - parent key not found

Record 2889: Rejected - Error on table DETALLE.
ORA-02291: integrity constraint (DANIEL.FK_DETALLE_ARTICULO) violated - parent key not found

Record 2936: Rejected - Error on table DETALLE.
ORA-02291: integrity constraint (DANIEL.FK_DETALLE_CABECERA) violated - parent key not found

Record 2937: Rejected - Error on table DETALLE.
ORA-02291: integrity constraint (DANIEL.FK_DETALLE_CABECERA) violated - parent key not found

Record 3038: Rejected - Error on table DETALLE.
ORA-00001: unique constraint (DANIEL.PK_DETALLE) violated

Record 3286: Rejected - Error on table DETALLE.
ORA-02291: integrity constraint (DANIEL.FK_DETALLE_ARTICULO) violated - parent key not found

Record 3407: Rejected - Error on table DETALLE.
ORA-00001: unique constraint (DANIEL.PK_DETALLE) violated

Record 3454: Rejected - Error on table DETALLE.
ORA-00001: unique constraint (DANIEL.PK_DETALLE) violated

Record 3547: Rejected - Error on table DETALLE.
ORA-02291: integrity constraint (DANIEL.FK_DETALLE_ARTICULO) violated - parent key not found

Record 3550: Rejected - Error on table DETALLE.
ORA-02291: integrity constraint (DANIEL.FK_DETALLE_ARTICULO) violated - parent key not found

Record 3659: Rejected - Error on table DETALLE.
ORA-02291: integrity constraint (DANIEL.FK_DETALLE_CABECERA) violated - parent key not found

Record 3660: Rejected - Error on table DETALLE.
ORA-02291: integrity constraint (DANIEL.FK_DETALLE_CABECERA) violated - parent key not found

Record 3661: Rejected - Error on table DETALLE.
ORA-02291: integrity constraint (DANIEL.FK_DETALLE_CABECERA) violated - parent key not found

Record 3662: Rejected - Error on table DETALLE.
ORA-02291: integrity constraint (DANIEL.FK_DETALLE_CABECERA) violated - parent key not found

Record 3663: Rejected - Error on table DETALLE.
ORA-02291: integrity constraint (DANIEL.FK_DETALLE_CABECERA) violated - parent key not found

Record 3664: Rejected - Error on table DETALLE.
ORA-02291: integrity constraint (DANIEL.FK_DETALLE_CABECERA) violated - parent key not found

Record 3665: Rejected - Error on table DETALLE.
ORA-02291: integrity constraint (DANIEL.FK_DETALLE_CABECERA) violated - parent key not found

Record 3666: Rejected - Error on table DETALLE.
ORA-02291: integrity constraint (DANIEL.FK_DETALLE_CABECERA) violated - parent key not found

Record 3667: Rejected - Error on table DETALLE.
ORA-02291: integrity constraint (DANIEL.FK_DETALLE_CABECERA) violated - parent key not found

Record 3768: Rejected - Error on table DETALLE.
ORA-02291: integrity constraint (DANIEL.FK_DETALLE_ARTICULO) violated - parent key not found

Record 3835: Rejected - Error on table DETALLE.
ORA-02291: integrity constraint (DANIEL.FK_DETALLE_ARTICULO) violated - parent key not found

Record 3845: Rejected - Error on table DETALLE.
ORA-00001: unique constraint (DANIEL.PK_DETALLE) violated

Record 3950: Rejected - Error on table DETALLE.
ORA-02291: integrity constraint (DANIEL.FK_DETALLE_ARTICULO) violated - parent key not found

Record 3973: Rejected - Error on table DETALLE.
ORA-02291: integrity constraint (DANIEL.FK_DETALLE_CABECERA) violated - parent key not found

Record 3974: Rejected - Error on table DETALLE.
ORA-02291: integrity constraint (DANIEL.FK_DETALLE_CABECERA) violated - parent key not found

Record 3975: Rejected - Error on table DETALLE.
ORA-02291: integrity constraint (DANIEL.FK_DETALLE_CABECERA) violated - parent key not found

Record 3976: Rejected - Error on table DETALLE.
ORA-02291: integrity constraint (DANIEL.FK_DETALLE_CABECERA) violated - parent key not found

Record 3977: Rejected - Error on table DETALLE.
ORA-02291: integrity constraint (DANIEL.FK_DETALLE_CABECERA) violated - parent key not found

Record 3996: Rejected - Error on table DETALLE.
ORA-02291: integrity constraint (DANIEL.FK_DETALLE_CABECERA) violated - parent key not found

Record 4180: Rejected - Error on table DETALLE.
ORA-02291: integrity constraint (DANIEL.FK_DETALLE_ARTICULO) violated - parent key not found

Record 4190: Rejected - Error on table DETALLE.
ORA-02291: integrity constraint (DANIEL.FK_DETALLE_ARTICULO) violated - parent key not found

Record 4191: Rejected - Error on table DETALLE.
ORA-02291: integrity constraint (DANIEL.FK_DETALLE_ARTICULO) violated - parent key not found

Record 4318: Rejected - Error on table DETALLE.
ORA-02291: integrity constraint (DANIEL.FK_DETALLE_ARTICULO) violated - parent key not found

Record 4369: Rejected - Error on table DETALLE.
ORA-02291: integrity constraint (DANIEL.FK_DETALLE_CABECERA) violated - parent key not found

Record 4370: Rejected - Error on table DETALLE.
ORA-02291: integrity constraint (DANIEL.FK_DETALLE_CABECERA) violated - parent key not found

Record 4371: Rejected - Error on table DETALLE.
ORA-02291: integrity constraint (DANIEL.FK_DETALLE_CABECERA) violated - parent key not found

Record 4372: Rejected - Error on table DETALLE.
ORA-02291: integrity constraint (DANIEL.FK_DETALLE_CABECERA) violated - parent key not found

Record 4397: Rejected - Error on table DETALLE.
ORA-02291: integrity constraint (DANIEL.FK_DETALLE_CABECERA) violated - parent key not found

Record 4398: Rejected - Error on table DETALLE.
ORA-02291: integrity constraint (DANIEL.FK_DETALLE_CABECERA) violated - parent key not found

Record 4399: Rejected - Error on table DETALLE.
ORA-02291: integrity constraint (DANIEL.FK_DETALLE_CABECERA) violated - parent key not found

Record 4400: Rejected - Error on table DETALLE.
ORA-02291: integrity constraint (DANIEL.FK_DETALLE_CABECERA) violated - parent key not found

Record 4401: Rejected - Error on table DETALLE.
ORA-02291: integrity constraint (DANIEL.FK_DETALLE_CABECERA) violated - parent key not found

Record 4513: Rejected - Error on table DETALLE.
ORA-02291: integrity constraint (DANIEL.FK_DETALLE_ARTICULO) violated - parent key not found

Record 4516: Rejected - Error on table DETALLE.
ORA-00001: unique constraint (DANIEL.PK_DETALLE) violated

Record 4520: Rejected - Error on table DETALLE.
ORA-00001: unique constraint (DANIEL.PK_DETALLE) violated

Record 4659: Rejected - Error on table DETALLE.
ORA-02291: integrity constraint (DANIEL.FK_DETALLE_CABECERA) violated - parent key not found

Record 4660: Rejected - Error on table DETALLE.
ORA-02291: integrity constraint (DANIEL.FK_DETALLE_CABECERA) violated - parent key not found

Record 4661: Rejected - Error on table DETALLE.
ORA-02291: integrity constraint (DANIEL.FK_DETALLE_CABECERA) violated - parent key not found

Record 4662: Rejected - Error on table DETALLE.
ORA-02291: integrity constraint (DANIEL.FK_DETALLE_CABECERA) violated - parent key not found

Record 4663: Rejected - Error on table DETALLE.
ORA-02291: integrity constraint (DANIEL.FK_DETALLE_CABECERA) violated - parent key not found

Record 4664: Rejected - Error on table DETALLE.
ORA-02291: integrity constraint (DANIEL.FK_DETALLE_CABECERA) violated - parent key not found

Record 4665: Rejected - Error on table DETALLE.
ORA-02291: integrity constraint (DANIEL.FK_DETALLE_CABECERA) violated - parent key not found

Record 4666: Rejected - Error on table DETALLE.
ORA-02291: integrity constraint (DANIEL.FK_DETALLE_CABECERA) violated - parent key not found

Record 4667: Rejected - Error on table DETALLE.
ORA-02291: integrity constraint (DANIEL.FK_DETALLE_CABECERA) violated - parent key not found

Record 4668: Rejected - Error on table DETALLE.
ORA-02291: integrity constraint (DANIEL.FK_DETALLE_CABECERA) violated - parent key not found

Record 4669: Rejected - Error on table DETALLE.
ORA-02291: integrity constraint (DANIEL.FK_DETALLE_CABECERA) violated - parent key not found

Record 4670: Rejected - Error on table DETALLE.
ORA-02291: integrity constraint (DANIEL.FK_DETALLE_CABECERA) violated - parent key not found

Record 4738: Rejected - Error on table DETALLE.
ORA-02291: integrity constraint (DANIEL.FK_DETALLE_ARTICULO) violated - parent key not found

Record 4903: Rejected - Error on table DETALLE.
ORA-02291: integrity constraint (DANIEL.FK_DETALLE_ARTICULO) violated - parent key not found

Record 4933: Rejected - Error on table DETALLE.
ORA-02291: integrity constraint (DANIEL.FK_DETALLE_CABECERA) violated - parent key not found

Record 4934: Rejected - Error on table DETALLE.
ORA-02291: integrity constraint (DANIEL.FK_DETALLE_CABECERA) violated - parent key not found

Record 4935: Rejected - Error on table DETALLE.
ORA-02291: integrity constraint (DANIEL.FK_DETALLE_CABECERA) violated - parent key not found

Record 4936: Rejected - Error on table DETALLE.
ORA-02291: integrity constraint (DANIEL.FK_DETALLE_CABECERA) violated - parent key not found

Record 4937: Rejected - Error on table DETALLE.
ORA-02291: integrity constraint (DANIEL.FK_DETALLE_CABECERA) violated - parent key not found

Record 4938: Rejected - Error on table DETALLE.
ORA-02291: integrity constraint (DANIEL.FK_DETALLE_CABECERA) violated - parent key not found

Record 5005: Rejected - Error on table DETALLE.
ORA-02291: integrity constraint (DANIEL.FK_DETALLE_ARTICULO) violated - parent key not found

Record 5015: Rejected - Error on table DETALLE.
ORA-02291: integrity constraint (DANIEL.FK_DETALLE_ARTICULO) violated - parent key not found

Record 5228: Rejected - Error on table DETALLE.
ORA-02291: integrity constraint (DANIEL.FK_DETALLE_ARTICULO) violated - parent key not found

Record 5334: Rejected - Error on table DETALLE.
ORA-00001: unique constraint (DANIEL.PK_DETALLE) violated

Record 5542: Rejected - Error on table DETALLE.
ORA-00001: unique constraint (DANIEL.PK_DETALLE) violated

Record 5572: Rejected - Error on table DETALLE.
ORA-02291: integrity constraint (DANIEL.FK_DETALLE_ARTICULO) violated - parent key not found

Record 5580: Rejected - Error on table DETALLE.
ORA-02291: integrity constraint (DANIEL.FK_DETALLE_ARTICULO) violated - parent key not found

Record 5597: Rejected - Error on table DETALLE.
ORA-00001: unique constraint (DANIEL.PK_DETALLE) violated

Record 5740: Rejected - Error on table DETALLE.
ORA-02291: integrity constraint (DANIEL.FK_DETALLE_ARTICULO) violated - parent key not found

Record 5787: Rejected - Error on table DETALLE.
ORA-02291: integrity constraint (DANIEL.FK_DETALLE_ARTICULO) violated - parent key not found

Record 5812: Rejected - Error on table DETALLE.
ORA-02291: integrity constraint (DANIEL.FK_DETALLE_CABECERA) violated - parent key not found

Record 5813: Rejected - Error on table DETALLE.
ORA-02291: integrity constraint (DANIEL.FK_DETALLE_CABECERA) violated - parent key not found

Record 5819: Rejected - Error on table DETALLE.
ORA-02291: integrity constraint (DANIEL.FK_DETALLE_ARTICULO) violated - parent key not found

Record 5939: Rejected - Error on table DETALLE.
ORA-02291: integrity constraint (DANIEL.FK_DETALLE_ARTICULO) violated - parent key not found

Record 6016: Rejected - Error on table DETALLE.
ORA-00001: unique constraint (DANIEL.PK_DETALLE) violated

Record 6056: Rejected - Error on table DETALLE.
ORA-02291: integrity constraint (DANIEL.FK_DETALLE_ARTICULO) violated - parent key not found

Record 6135: Rejected - Error on table DETALLE.
ORA-02291: integrity constraint (DANIEL.FK_DETALLE_ARTICULO) violated - parent key not found

Record 6137: Rejected - Error on table DETALLE.
ORA-02291: integrity constraint (DANIEL.FK_DETALLE_ARTICULO) violated - parent key not found

Record 6142: Rejected - Error on table DETALLE.
ORA-02291: integrity constraint (DANIEL.FK_DETALLE_CABECERA) violated - parent key not found

Record 6143: Rejected - Error on table DETALLE.
ORA-02291: integrity constraint (DANIEL.FK_DETALLE_CABECERA) violated - parent key not found

Record 6144: Rejected - Error on table DETALLE.
ORA-02291: integrity constraint (DANIEL.FK_DETALLE_CABECERA) violated - parent key not found

Record 6145: Rejected - Error on table DETALLE.
ORA-02291: integrity constraint (DANIEL.FK_DETALLE_CABECERA) violated - parent key not found

Record 6360: Rejected - Error on table DETALLE.
ORA-02291: integrity constraint (DANIEL.FK_DETALLE_ARTICULO) violated - parent key not found

Record 6364: Rejected - Error on table DETALLE.
ORA-02291: integrity constraint (DANIEL.FK_DETALLE_ARTICULO) violated - parent key not found

Record 6714: Rejected - Error on table DETALLE.
ORA-00001: unique constraint (DANIEL.PK_DETALLE) violated

Record 6849: Rejected - Error on table DETALLE.
ORA-02291: integrity constraint (DANIEL.FK_DETALLE_ARTICULO) violated - parent key not found

Record 6925: Rejected - Error on table DETALLE.
ORA-00001: unique constraint (DANIEL.PK_DETALLE) violated

Record 7011: Rejected - Error on table DETALLE.
ORA-02291: integrity constraint (DANIEL.FK_DETALLE_ARTICULO) violated - parent key not found

Record 7035: Rejected - Error on table DETALLE.
ORA-02291: integrity constraint (DANIEL.FK_DETALLE_ARTICULO) violated - parent key not found

Record 7109: Rejected - Error on table DETALLE.
ORA-02291: integrity constraint (DANIEL.FK_DETALLE_ARTICULO) violated - parent key not found

Record 7117: Rejected - Error on table DETALLE.
ORA-02291: integrity constraint (DANIEL.FK_DETALLE_CABECERA) violated - parent key not found

Record 7118: Rejected - Error on table DETALLE.
ORA-02291: integrity constraint (DANIEL.FK_DETALLE_CABECERA) violated - parent key not found

Record 7119: Rejected - Error on table DETALLE.
ORA-02291: integrity constraint (DANIEL.FK_DETALLE_CABECERA) violated - parent key not found

Record 7120: Rejected - Error on table DETALLE.
ORA-02291: integrity constraint (DANIEL.FK_DETALLE_CABECERA) violated - parent key not found

Record 7121: Rejected - Error on table DETALLE.
ORA-02291: integrity constraint (DANIEL.FK_DETALLE_CABECERA) violated - parent key not found

Record 7122: Rejected - Error on table DETALLE.
ORA-02291: integrity constraint (DANIEL.FK_DETALLE_CABECERA) violated - parent key not found

Record 7123: Rejected - Error on table DETALLE.
ORA-02291: integrity constraint (DANIEL.FK_DETALLE_CABECERA) violated - parent key not found

Record 7124: Rejected - Error on table DETALLE.
ORA-02291: integrity constraint (DANIEL.FK_DETALLE_CABECERA) violated - parent key not found

Record 7125: Rejected - Error on table DETALLE.
ORA-02291: integrity constraint (DANIEL.FK_DETALLE_CABECERA) violated - parent key not found

Record 7126: Rejected - Error on table DETALLE.
ORA-02291: integrity constraint (DANIEL.FK_DETALLE_CABECERA) violated - parent key not found

Record 7127: Rejected - Error on table DETALLE.
ORA-02291: integrity constraint (DANIEL.FK_DETALLE_CABECERA) violated - parent key not found

Record 7128: Rejected - Error on table DETALLE.
ORA-02291: integrity constraint (DANIEL.FK_DETALLE_CABECERA) violated - parent key not found

Record 7140: Rejected - Error on table DETALLE.
ORA-02291: integrity constraint (DANIEL.FK_DETALLE_ARTICULO) violated - parent key not found

Record 7166: Rejected - Error on table DETALLE.
ORA-02291: integrity constraint (DANIEL.FK_DETALLE_CABECERA) violated - parent key not found

Record 7167: Rejected - Error on table DETALLE.
ORA-02291: integrity constraint (DANIEL.FK_DETALLE_CABECERA) violated - parent key not found

Record 7168: Rejected - Error on table DETALLE.
ORA-02291: integrity constraint (DANIEL.FK_DETALLE_CABECERA) violated - parent key not found

Record 7169: Rejected - Error on table DETALLE.
ORA-02291: integrity constraint (DANIEL.FK_DETALLE_CABECERA) violated - parent key not found

Record 7170: Rejected - Error on table DETALLE.
ORA-02291: integrity constraint (DANIEL.FK_DETALLE_CABECERA) violated - parent key not found

Record 7171: Rejected - Error on table DETALLE.
ORA-02291: integrity constraint (DANIEL.FK_DETALLE_CABECERA) violated - parent key not found

Record 7185: Rejected - Error on table DETALLE.
ORA-02291: integrity constraint (DANIEL.FK_DETALLE_ARTICULO) violated - parent key not found

Record 7196: Rejected - Error on table DETALLE.
ORA-02291: integrity constraint (DANIEL.FK_DETALLE_ARTICULO) violated - parent key not found

Record 7246: Rejected - Error on table DETALLE.
ORA-02291: integrity constraint (DANIEL.FK_DETALLE_ARTICULO) violated - parent key not found

Record 7252: Rejected - Error on table DETALLE.
ORA-02291: integrity constraint (DANIEL.FK_DETALLE_ARTICULO) violated - parent key not found

Record 7481: Rejected - Error on table DETALLE.
ORA-02291: integrity constraint (DANIEL.FK_DETALLE_ARTICULO) violated - parent key not found

Record 7549: Rejected - Error on table DETALLE.
ORA-02291: integrity constraint (DANIEL.FK_DETALLE_ARTICULO) violated - parent key not found

Record 7614: Rejected - Error on table DETALLE.
ORA-02291: integrity constraint (DANIEL.FK_DETALLE_ARTICULO) violated - parent key not found

Record 7722: Rejected - Error on table DETALLE.
ORA-02291: integrity constraint (DANIEL.FK_DETALLE_ARTICULO) violated - parent key not found

Record 7739: Rejected - Error on table DETALLE.
ORA-02291: integrity constraint (DANIEL.FK_DETALLE_ARTICULO) violated - parent key not found

Record 7767: Rejected - Error on table DETALLE.
ORA-00001: unique constraint (DANIEL.PK_DETALLE) violated

Record 7806: Rejected - Error on table DETALLE.
ORA-02291: integrity constraint (DANIEL.FK_DETALLE_ARTICULO) violated - parent key not found

Record 8021: Rejected - Error on table DETALLE.
ORA-02291: integrity constraint (DANIEL.FK_DETALLE_ARTICULO) violated - parent key not found

Record 8419: Rejected - Error on table DETALLE.
ORA-02291: integrity constraint (DANIEL.FK_DETALLE_ARTICULO) violated - parent key not found

Record 8441: Rejected - Error on table DETALLE.
ORA-02291: integrity constraint (DANIEL.FK_DETALLE_ARTICULO) violated - parent key not found

Record 8752: Rejected - Error on table DETALLE.
ORA-02291: integrity constraint (DANIEL.FK_DETALLE_CABECERA) violated - parent key not found

Record 8891: Rejected - Error on table DETALLE.
ORA-02291: integrity constraint (DANIEL.FK_DETALLE_ARTICULO) violated - parent key not found

Record 8963: Rejected - Error on table DETALLE.
ORA-02291: integrity constraint (DANIEL.FK_DETALLE_ARTICULO) violated - parent key not found

Record 9013: Rejected - Error on table DETALLE.
ORA-02291: integrity constraint (DANIEL.FK_DETALLE_CABECERA) violated - parent key not found

Record 9078: Rejected - Error on table DETALLE.
ORA-02291: integrity constraint (DANIEL.FK_DETALLE_ARTICULO) violated - parent key not found

Record 9143: Rejected - Error on table DETALLE.
ORA-02291: integrity constraint (DANIEL.FK_DETALLE_ARTICULO) violated - parent key not found

Record 9144: Rejected - Error on table DETALLE.
ORA-02291: integrity constraint (DANIEL.FK_DETALLE_CABECERA) violated - parent key not found

Record 9145: Rejected - Error on table DETALLE.
ORA-02291: integrity constraint (DANIEL.FK_DETALLE_CABECERA) violated - parent key not found

Record 9146: Rejected - Error on table DETALLE.
ORA-02291: integrity constraint (DANIEL.FK_DETALLE_CABECERA) violated - parent key not found

Record 9147: Rejected - Error on table DETALLE.
ORA-02291: integrity constraint (DANIEL.FK_DETALLE_CABECERA) violated - parent key not found

Record 9148: Rejected - Error on table DETALLE.
ORA-02291: integrity constraint (DANIEL.FK_DETALLE_CABECERA) violated - parent key not found

Record 9149: Rejected - Error on table DETALLE.
ORA-02291: integrity constraint (DANIEL.FK_DETALLE_CABECERA) violated - parent key not found

Record 9150: Rejected - Error on table DETALLE.
ORA-02291: integrity constraint (DANIEL.FK_DETALLE_CABECERA) violated - parent key not found

Record 9151: Rejected - Error on table DETALLE.
ORA-02291: integrity constraint (DANIEL.FK_DETALLE_CABECERA) violated - parent key not found

Record 9152: Rejected - Error on table DETALLE.
ORA-02291: integrity constraint (DANIEL.FK_DETALLE_ARTICULO) violated - parent key not found

Record 9153: Rejected - Error on table DETALLE.
ORA-02291: integrity constraint (DANIEL.FK_DETALLE_CABECERA) violated - parent key not found

Record 9154: Rejected - Error on table DETALLE.
ORA-02291: integrity constraint (DANIEL.FK_DETALLE_CABECERA) violated - parent key not found

Record 9155: Rejected - Error on table DETALLE.
ORA-02291: integrity constraint (DANIEL.FK_DETALLE_CABECERA) violated - parent key not found

Record 9156: Rejected - Error on table DETALLE.
ORA-02291: integrity constraint (DANIEL.FK_DETALLE_CABECERA) violated - parent key not found

Record 9157: Rejected - Error on table DETALLE.
ORA-02291: integrity constraint (DANIEL.FK_DETALLE_CABECERA) violated - parent key not found

Record 9158: Rejected - Error on table DETALLE.
ORA-02291: integrity constraint (DANIEL.FK_DETALLE_CABECERA) violated - parent key not found

Record 9159: Rejected - Error on table DETALLE.
ORA-02291: integrity constraint (DANIEL.FK_DETALLE_CABECERA) violated - parent key not found

Record 9160: Rejected - Error on table DETALLE.
ORA-02291: integrity constraint (DANIEL.FK_DETALLE_CABECERA) violated - parent key not found

Record 9161: Rejected - Error on table DETALLE.
ORA-02291: integrity constraint (DANIEL.FK_DETALLE_CABECERA) violated - parent key not found

Record 9162: Rejected - Error on table DETALLE.
ORA-02291: integrity constraint (DANIEL.FK_DETALLE_CABECERA) violated - parent key not found

Record 9163: Rejected - Error on table DETALLE.
ORA-02291: integrity constraint (DANIEL.FK_DETALLE_CABECERA) violated - parent key not found

Record 9164: Rejected - Error on table DETALLE.
ORA-02291: integrity constraint (DANIEL.FK_DETALLE_CABECERA) violated - parent key not found

Record 9165: Rejected - Error on table DETALLE.
ORA-02291: integrity constraint (DANIEL.FK_DETALLE_CABECERA) violated - parent key not found

Record 9295: Rejected - Error on table DETALLE.
ORA-02291: integrity constraint (DANIEL.FK_DETALLE_ARTICULO) violated - parent key not found

Record 9311: Rejected - Error on table DETALLE.
ORA-02291: integrity constraint (DANIEL.FK_DETALLE_ARTICULO) violated - parent key not found

Record 9317: Rejected - Error on table DETALLE.
ORA-02291: integrity constraint (DANIEL.FK_DETALLE_ARTICULO) violated - parent key not found

Record 9336: Rejected - Error on table DETALLE.
ORA-02291: integrity constraint (DANIEL.FK_DETALLE_ARTICULO) violated - parent key not found

Record 9387: Rejected - Error on table DETALLE.
ORA-02291: integrity constraint (DANIEL.FK_DETALLE_ARTICULO) violated - parent key not found

Record 9430: Rejected - Error on table DETALLE.
ORA-02291: integrity constraint (DANIEL.FK_DETALLE_CABECERA) violated - parent key not found

Record 9568: Rejected - Error on table DETALLE.
ORA-02291: integrity constraint (DANIEL.FK_DETALLE_ARTICULO) violated - parent key not found

Record 9574: Rejected - Error on table DETALLE.
ORA-02291: integrity constraint (DANIEL.FK_DETALLE_CABECERA) violated - parent key not found

Record 9575: Rejected - Error on table DETALLE.
ORA-02291: integrity constraint (DANIEL.FK_DETALLE_CABECERA) violated - parent key not found

Record 9576: Rejected - Error on table DETALLE.
ORA-02291: integrity constraint (DANIEL.FK_DETALLE_CABECERA) violated - parent key not found

Record 9577: Rejected - Error on table DETALLE.
ORA-02291: integrity constraint (DANIEL.FK_DETALLE_CABECERA) violated - parent key not found

Record 9578: Rejected - Error on table DETALLE.
ORA-02291: integrity constraint (DANIEL.FK_DETALLE_CABECERA) violated - parent key not found

Record 9579: Rejected - Error on table DETALLE.
ORA-02291: integrity constraint (DANIEL.FK_DETALLE_CABECERA) violated - parent key not found

Record 9580: Rejected - Error on table DETALLE.
ORA-02291: integrity constraint (DANIEL.FK_DETALLE_CABECERA) violated - parent key not found

Record 9581: Rejected - Error on table DETALLE.
ORA-02291: integrity constraint (DANIEL.FK_DETALLE_CABECERA) violated - parent key not found

Record 9742: Rejected - Error on table DETALLE.
ORA-02291: integrity constraint (DANIEL.FK_DETALLE_ARTICULO) violated - parent key not found

Record 9764: Rejected - Error on table DETALLE.
ORA-02291: integrity constraint (DANIEL.FK_DETALLE_ARTICULO) violated - parent key not found

Record 10164: Rejected - Error on table DETALLE.
ORA-02291: integrity constraint (DANIEL.FK_DETALLE_ARTICULO) violated - parent key not found

Record 10361: Rejected - Error on table DETALLE.
ORA-02291: integrity constraint (DANIEL.FK_DETALLE_ARTICULO) violated - parent key not found

Record 10382: Rejected - Error on table DETALLE.
ORA-02291: integrity constraint (DANIEL.FK_DETALLE_ARTICULO) violated - parent key not found

Record 10407: Rejected - Error on table DETALLE.
ORA-02291: integrity constraint (DANIEL.FK_DETALLE_ARTICULO) violated - parent key not found

Record 10418: Rejected - Error on table DETALLE.
ORA-02291: integrity constraint (DANIEL.FK_DETALLE_CABECERA) violated - parent key not found

Record 10419: Rejected - Error on table DETALLE.
ORA-02291: integrity constraint (DANIEL.FK_DETALLE_CABECERA) violated - parent key not found

Record 10420: Rejected - Error on table DETALLE.
ORA-02291: integrity constraint (DANIEL.FK_DETALLE_CABECERA) violated - parent key not found

Record 10421: Rejected - Error on table DETALLE.
ORA-02291: integrity constraint (DANIEL.FK_DETALLE_CABECERA) violated - parent key not found

Record 10422: Rejected - Error on table DETALLE.
ORA-02291: integrity constraint (DANIEL.FK_DETALLE_CABECERA) violated - parent key not found

Record 10423: Rejected - Error on table DETALLE.
ORA-02291: integrity constraint (DANIEL.FK_DETALLE_CABECERA) violated - parent key not found

Record 10424: Rejected - Error on table DETALLE.
ORA-02291: integrity constraint (DANIEL.FK_DETALLE_CABECERA) violated - parent key not found

Record 10426: Rejected - Error on table DETALLE.
ORA-02291: integrity constraint (DANIEL.FK_DETALLE_CABECERA) violated - parent key not found

Record 10427: Rejected - Error on table DETALLE.
ORA-02291: integrity constraint (DANIEL.FK_DETALLE_CABECERA) violated - parent key not found

Record 10429: Rejected - Error on table DETALLE.
ORA-02291: integrity constraint (DANIEL.FK_DETALLE_CABECERA) violated - parent key not found

Record 10536: Rejected - Error on table DETALLE.
ORA-00001: unique constraint (DANIEL.PK_DETALLE) violated

Record 10573: Rejected - Error on table DETALLE.
ORA-02291: integrity constraint (DANIEL.FK_DETALLE_CABECERA) violated - parent key not found

Record 10574: Rejected - Error on table DETALLE.
ORA-02291: integrity constraint (DANIEL.FK_DETALLE_CABECERA) violated - parent key not found

Record 10575: Rejected - Error on table DETALLE.
ORA-02291: integrity constraint (DANIEL.FK_DETALLE_CABECERA) violated - parent key not found

Record 10576: Rejected - Error on table DETALLE.
ORA-02291: integrity constraint (DANIEL.FK_DETALLE_CABECERA) violated - parent key not found

Record 10577: Rejected - Error on table DETALLE.
ORA-02291: integrity constraint (DANIEL.FK_DETALLE_CABECERA) violated - parent key not found

Record 10599: Rejected - Error on table DETALLE.
ORA-02291: integrity constraint (DANIEL.FK_DETALLE_ARTICULO) violated - parent key not found

Record 10612: Rejected - Error on table DETALLE.
ORA-02291: integrity constraint (DANIEL.FK_DETALLE_ARTICULO) violated - parent key not found

Record 10769: Rejected - Error on table DETALLE.
ORA-02291: integrity constraint (DANIEL.FK_DETALLE_CABECERA) violated - parent key not found

Record 10770: Rejected - Error on table DETALLE.
ORA-02291: integrity constraint (DANIEL.FK_DETALLE_CABECERA) violated - parent key not found

Record 10771: Rejected - Error on table DETALLE.
ORA-02291: integrity constraint (DANIEL.FK_DETALLE_CABECERA) violated - parent key not found

Record 10772: Rejected - Error on table DETALLE.
ORA-02291: integrity constraint (DANIEL.FK_DETALLE_CABECERA) violated - parent key not found

Record 10773: Rejected - Error on table DETALLE.
ORA-02291: integrity constraint (DANIEL.FK_DETALLE_CABECERA) violated - parent key not found

Record 10842: Rejected - Error on table DETALLE.
ORA-02291: integrity constraint (DANIEL.FK_DETALLE_ARTICULO) violated - parent key not found

Record 11101: Rejected - Error on table DETALLE.
ORA-02291: integrity constraint (DANIEL.FK_DETALLE_ARTICULO) violated - parent key not found

Record 11144: Rejected - Error on table DETALLE.
ORA-02291: integrity constraint (DANIEL.FK_DETALLE_ARTICULO) violated - parent key not found

Record 11155: Rejected - Error on table DETALLE.
ORA-02291: integrity constraint (DANIEL.FK_DETALLE_ARTICULO) violated - parent key not found

Record 11162: Rejected - Error on table DETALLE.
ORA-02291: integrity constraint (DANIEL.FK_DETALLE_CABECERA) violated - parent key not found

Record 11180: Rejected - Error on table DETALLE.
ORA-02291: integrity constraint (DANIEL.FK_DETALLE_ARTICULO) violated - parent key not found

Record 11206: Rejected - Error on table DETALLE.
ORA-02291: integrity constraint (DANIEL.FK_DETALLE_ARTICULO) violated - parent key not found

Record 11233: Rejected - Error on table DETALLE.
ORA-02291: integrity constraint (DANIEL.FK_DETALLE_ARTICULO) violated - parent key not found

Record 11431: Rejected - Error on table DETALLE.
ORA-02291: integrity constraint (DANIEL.FK_DETALLE_ARTICULO) violated - parent key not found

Record 11501: Rejected - Error on table DETALLE.
ORA-02291: integrity constraint (DANIEL.FK_DETALLE_CABECERA) violated - parent key not found

Record 11502: Rejected - Error on table DETALLE.
ORA-02291: integrity constraint (DANIEL.FK_DETALLE_CABECERA) violated - parent key not found

Record 11629: Rejected - Error on table DETALLE.
ORA-02291: integrity constraint (DANIEL.FK_DETALLE_ARTICULO) violated - parent key not found

Record 11778: Rejected - Error on table DETALLE.
ORA-02291: integrity constraint (DANIEL.FK_DETALLE_CABECERA) violated - parent key not found

Record 11840: Rejected - Error on table DETALLE.
ORA-02291: integrity constraint (DANIEL.FK_DETALLE_ARTICULO) violated - parent key not found

Record 12026: Rejected - Error on table DETALLE.
ORA-02291: integrity constraint (DANIEL.FK_DETALLE_ARTICULO) violated - parent key not found

Record 12072: Rejected - Error on table DETALLE.
ORA-02291: integrity constraint (DANIEL.FK_DETALLE_ARTICULO) violated - parent key not found

Record 12169: Rejected - Error on table DETALLE.
ORA-02291: integrity constraint (DANIEL.FK_DETALLE_CABECERA) violated - parent key not found

Record 12264: Rejected - Error on table DETALLE.
ORA-02291: integrity constraint (DANIEL.FK_DETALLE_CABECERA) violated - parent key not found

Record 12265: Rejected - Error on table DETALLE.
ORA-02291: integrity constraint (DANIEL.FK_DETALLE_CABECERA) violated - parent key not found

Record 12266: Rejected - Error on table DETALLE.
ORA-02291: integrity constraint (DANIEL.FK_DETALLE_CABECERA) violated - parent key not found

Record 12283: Rejected - Error on table DETALLE.
ORA-00001: unique constraint (DANIEL.PK_DETALLE) violated

Record 12537: Rejected - Error on table DETALLE.
ORA-00001: unique constraint (DANIEL.PK_DETALLE) violated

Record 13475: Rejected - Error on table DETALLE.
ORA-00001: unique constraint (DANIEL.PK_DETALLE) violated

Record 13555: Rejected - Error on table DETALLE.
ORA-02291: integrity constraint (DANIEL.FK_DETALLE_CABECERA) violated - parent key not found

Record 13556: Rejected - Error on table DETALLE.
ORA-02291: integrity constraint (DANIEL.FK_DETALLE_CABECERA) violated - parent key not found

Record 13557: Rejected - Error on table DETALLE.
ORA-02291: integrity constraint (DANIEL.FK_DETALLE_CABECERA) violated - parent key not found

Record 13558: Rejected - Error on table DETALLE.
ORA-02291: integrity constraint (DANIEL.FK_DETALLE_CABECERA) violated - parent key not found

Record 13559: Rejected - Error on table DETALLE.
ORA-02291: integrity constraint (DANIEL.FK_DETALLE_CABECERA) violated - parent key not found

Record 13560: Rejected - Error on table DETALLE.
ORA-02291: integrity constraint (DANIEL.FK_DETALLE_CABECERA) violated - parent key not found

Record 13561: Rejected - Error on table DETALLE.
ORA-02291: integrity constraint (DANIEL.FK_DETALLE_CABECERA) violated - parent key not found

Record 13562: Rejected - Error on table DETALLE.
ORA-02291: integrity constraint (DANIEL.FK_DETALLE_CABECERA) violated - parent key not found

Record 13563: Rejected - Error on table DETALLE.
ORA-02291: integrity constraint (DANIEL.FK_DETALLE_CABECERA) violated - parent key not found

Record 13706: Rejected - Error on table DETALLE.
ORA-00001: unique constraint (DANIEL.PK_DETALLE) violated

Record 13897: Rejected - Error on table DETALLE.
ORA-02291: integrity constraint (DANIEL.FK_DETALLE_ARTICULO) violated - parent key not found

Record 13941: Rejected - Error on table DETALLE, column DETDOC.
ORA-12899: value too large for column "DANIEL"."DETALLE"."DETDOC" (actual: 15, maximum: 8)

Record 13953: Rejected - Error on table DETALLE, column DETDOC.
ORA-12899: value too large for column "DANIEL"."DETALLE"."DETDOC" (actual: 10, maximum: 8)

Record 13954: Rejected - Error on table DETALLE.
ORA-02291: integrity constraint (DANIEL.FK_DETALLE_CABECERA) violated - parent key not found

Record 13955: Rejected - Error on table DETALLE.
ORA-02291: integrity constraint (DANIEL.FK_DETALLE_CABECERA) violated - parent key not found

Record 13956: Rejected - Error on table DETALLE.
ORA-02291: integrity constraint (DANIEL.FK_DETALLE_CABECERA) violated - parent key not found

Record 13957: Rejected - Error on table DETALLE.
ORA-02291: integrity constraint (DANIEL.FK_DETALLE_CABECERA) violated - parent key not found

Record 13958: Rejected - Error on table DETALLE.
ORA-02291: integrity constraint (DANIEL.FK_DETALLE_CABECERA) violated - parent key not found

Record 13959: Rejected - Error on table DETALLE.
ORA-02291: integrity constraint (DANIEL.FK_DETALLE_CABECERA) violated - parent key not found

Record 13960: Rejected - Error on table DETALLE.
ORA-02291: integrity constraint (DANIEL.FK_DETALLE_CABECERA) violated - parent key not found

Record 13965: Rejected - Error on table DETALLE.
ORA-02291: integrity constraint (DANIEL.FK_DETALLE_CABECERA) violated - parent key not found

Record 13966: Rejected - Error on table DETALLE.
ORA-02291: integrity constraint (DANIEL.FK_DETALLE_CABECERA) violated - parent key not found

Record 13974: Rejected - Error on table DETALLE.
ORA-02291: integrity constraint (DANIEL.FK_DETALLE_CABECERA) violated - parent key not found

Record 13976: Rejected - Error on table DETALLE.
ORA-02291: integrity constraint (DANIEL.FK_DETALLE_CABECERA) violated - parent key not found

Record 13977: Rejected - Error on table DETALLE.
ORA-02291: integrity constraint (DANIEL.FK_DETALLE_CABECERA) violated - parent key not found

Record 13978: Rejected - Error on table DETALLE.
ORA-02291: integrity constraint (DANIEL.FK_DETALLE_CABECERA) violated - parent key not found


Table DETALLE:
  13622 Rows successfully loaded.
  360 Rows not loaded due to data errors.
  0 Rows not loaded because all WHEN clauses were failed.
  0 Rows not loaded because all fields were null.


Space allocated for bind array:                 115584 bytes(64 rows)
Read   buffer bytes: 1048576

Total logical records skipped:          0
Total logical records read:         13982
Total logical records rejected:       360
Total logical records discarded:        0

Run began on Tue Jun 07 15:41:32 2016
Run ended on Tue Jun 07 15:41:34 2016

Elapsed time was:     00:00:01.63
CPU time was:         00:00:00.31
